[0.068s] Invoking command in '/home/ubuntu/UnencumberedJellyfish/build/hardware_comm': CMAKE_PREFIX_PATH=/opt/ros/foxy /usr/bin/cmake --build /home/ubuntu/UnencumberedJellyfish/build/hardware_comm -- -j4 -l4
[0.177s] -- Found ament_cmake: 0.9.9 (/opt/ros/foxy/share/ament_cmake/cmake)
[0.285s] -- Using PYTHON_EXECUTABLE: /usr/bin/python3
[1.010s] -- Found rclcpp: 2.4.0 (/opt/ros/foxy/share/rclcpp/cmake)
[1.154s] -- Using all available rosidl_typesupport_c: rosidl_typesupport_fastrtps_c;rosidl_typesupport_introspection_c
[1.168s] -- Found rosidl_adapter: 1.2.1 (/opt/ros/foxy/share/rosidl_adapter/cmake)
[1.665s] -- Using all available rosidl_typesupport_cpp: rosidl_typesupport_fastrtps_cpp;rosidl_typesupport_introspection_cpp
[1.864s] -- Found rmw_implementation_cmake: 1.0.3 (/opt/ros/foxy/share/rmw_implementation_cmake/cmake)
[1.869s] -- Using RMW implementation 'rmw_fastrtps_cpp' as default
[2.441s] -- Found sensor_msgs: 2.0.4 (/opt/ros/foxy/share/sensor_msgs/cmake)
[2.895s] -- Found ament_lint_auto: 0.9.6 (/opt/ros/foxy/share/ament_lint_auto/cmake)
[3.159s] -- Added test 'copyright' to check source files copyright and LICENSE
[3.170s] -- Added test 'cppcheck' to perform static code analysis on C / C++ code
[3.171s] -- Configured cppcheck include dirs: /home/ubuntu/UnencumberedJellyfish/Code/hardware_comm/include;/home/ubuntu/UnencumberedJellyfish/Code/hardware_comm/include/bno005
[3.172s] -- Configured cppcheck exclude dirs and/or files: 
[3.182s] -- Added test 'cpplint' to check C / C++ code against the Google style
[3.182s] -- Configured cpplint exclude dirs and/or files: 
[3.187s] -- Added test 'lint_cmake' to check CMake code style
[3.199s] -- Added test 'uncrustify' to check C / C++ code style
[3.199s] -- Configured uncrustify additional arguments: 
[3.201s] -- Added test 'xmllint' to check XML markup files
[3.222s] -- Configuring done
[3.254s] -- Generating done
[3.262s] -- Build files have been written to: /home/ubuntu/UnencumberedJellyfish/build/hardware_comm
[3.353s] [35m[1mScanning dependencies of target hardware_comm[0m
[3.454s] [ 25%] [32m[1mLinking CXX executable hardware_comm[0m
[4.262s] /usr/bin/ld: CMakeFiles/hardware_comm.dir/src/hardware_comm.cpp.o: in function `rclcpp::Publisher<sensor_msgs::msg::Imu_<std::allocator<void> >, std::allocator<void> >::Publisher(rclcpp::node_interfaces::NodeBaseInterface*, std::__cxx11::basic_string<char, std::char_traits<char>, std::allocator<char> > const&, rclcpp::QoS const&, rclcpp::PublisherOptionsWithAllocator<std::allocator<void> > const&)':
[4.262s] hardware_comm.cpp:(.text._ZN6rclcpp9PublisherIN11sensor_msgs3msg4Imu_ISaIvEEES4_EC2EPNS_15node_interfaces17NodeBaseInterfaceERKNSt7__cxx1112basic_stringIcSt11char_traitsIcESaIcEEERKNS_3QoSERKNS_29PublisherOptionsWithAllocatorIS4_EE[_ZN6rclcpp9PublisherIN11sensor_msgs3msg4Imu_ISaIvEEES4_EC5EPNS_15node_interfaces17NodeBaseInterfaceERKNSt7__cxx1112basic_stringIcSt11char_traitsIcESaIcEEERKNS_3QoSERKNS_29PublisherOptionsWithAllocatorIS4_EE]+0x3c): undefined reference to `rosidl_message_type_support_t const* rosidl_typesupport_cpp::get_message_type_support_handle<sensor_msgs::msg::Imu_<std::allocator<void> > >()'
[4.263s] collect2: error: ld returned 1 exit status
[4.266s] make[2]: *** [CMakeFiles/hardware_comm.dir/build.make:161: hardware_comm] Error 1
[4.267s] make[1]: *** [CMakeFiles/Makefile2:78: CMakeFiles/hardware_comm.dir/all] Error 2
[4.268s] make: *** [Makefile:141: all] Error 2
[4.274s] Invoked command in '/home/ubuntu/UnencumberedJellyfish/build/hardware_comm' returned '2': CMAKE_PREFIX_PATH=/opt/ros/foxy /usr/bin/cmake --build /home/ubuntu/UnencumberedJellyfish/build/hardware_comm -- -j4 -l4
