[0.067s] Invoking command in '/home/ubuntu/UnencumberedJellyfish/build/hardware_comm': CMAKE_PREFIX_PATH=/opt/ros/foxy /usr/bin/cmake /home/ubuntu/UnencumberedJellyfish/Code/hardware_comm -DCMAKE_INSTALL_PREFIX=/home/ubuntu/UnencumberedJellyfish/install/hardware_comm
[0.121s] -- Found ament_cmake: 0.9.9 (/opt/ros/foxy/share/ament_cmake/cmake)
[0.232s] -- Using PYTHON_EXECUTABLE: /usr/bin/python3
[0.973s] -- Found rclcpp: 2.4.0 (/opt/ros/foxy/share/rclcpp/cmake)
[1.116s] -- Using all available rosidl_typesupport_c: rosidl_typesupport_fastrtps_c;rosidl_typesupport_introspection_c
[1.131s] -- Found rosidl_adapter: 1.2.1 (/opt/ros/foxy/share/rosidl_adapter/cmake)
[1.628s] -- Using all available rosidl_typesupport_cpp: rosidl_typesupport_fastrtps_cpp;rosidl_typesupport_introspection_cpp
[1.826s] -- Found rmw_implementation_cmake: 1.0.3 (/opt/ros/foxy/share/rmw_implementation_cmake/cmake)
[1.832s] -- Using RMW implementation 'rmw_fastrtps_cpp' as default
[2.401s] -- Found sensor_msgs: 2.0.4 (/opt/ros/foxy/share/sensor_msgs/cmake)
[2.853s] -- Found ament_lint_auto: 0.9.6 (/opt/ros/foxy/share/ament_lint_auto/cmake)
[3.116s] -- Added test 'copyright' to check source files copyright and LICENSE
[3.128s] -- Added test 'cppcheck' to perform static code analysis on C / C++ code
[3.128s] -- Configured cppcheck include dirs: 
[3.129s] -- Configured cppcheck exclude dirs and/or files: 
[3.140s] -- Added test 'cpplint' to check C / C++ code against the Google style
[3.140s] -- Configured cpplint exclude dirs and/or files: 
[3.145s] -- Added test 'lint_cmake' to check CMake code style
[3.157s] -- Added test 'uncrustify' to check C / C++ code style
[3.158s] -- Configured uncrustify additional arguments: 
[3.160s] -- Added test 'xmllint' to check XML markup files
[3.181s] -- Configuring done
[3.185s] CMake Error at CMakeLists.txt:24 (add_executable):
[3.186s]   Cannot find source file:
[3.186s] 
[3.187s]     src/hardware_comm/hardware_comm.cpp
[3.187s] 
[3.188s]   Tried extensions .c .C .c++ .cc .cpp .cxx .cu .m .M .mm .h .hh .h++ .hm
[3.189s]   .hpp .hxx .in .txx
[3.189s] 
[3.190s] 
[3.191s] CMake Error at CMakeLists.txt:24 (add_executable):
[3.191s]   No SOURCES given to target: hardware_comm
[3.192s] 
[3.192s] 
[3.193s] CMake Generate step failed.  Build files cannot be regenerated correctly.
[3.209s] Invoked command in '/home/ubuntu/UnencumberedJellyfish/build/hardware_comm' returned '1': CMAKE_PREFIX_PATH=/opt/ros/foxy /usr/bin/cmake /home/ubuntu/UnencumberedJellyfish/Code/hardware_comm -DCMAKE_INSTALL_PREFIX=/home/ubuntu/UnencumberedJellyfish/install/hardware_comm
