[0.067s] Invoking command in '/home/ubuntu/UnencumberedJellyfish/build/hardware_comm': CMAKE_PREFIX_PATH=/opt/ros/foxy /usr/bin/cmake /home/ubuntu/UnencumberedJellyfish/Code/hardware_comm -DCMAKE_INSTALL_PREFIX=/home/ubuntu/UnencumberedJellyfish/install/hardware_comm
[0.122s] -- Found ament_cmake: 0.9.9 (/opt/ros/foxy/share/ament_cmake/cmake)
[0.232s] -- Using PYTHON_EXECUTABLE: /usr/bin/python3
[0.998s] -- Found rclcpp: 2.4.0 (/opt/ros/foxy/share/rclcpp/cmake)
[1.305s] -- Using all available rosidl_typesupport_c: rosidl_typesupport_fastrtps_c;rosidl_typesupport_introspection_c
[1.359s] -- Found rosidl_adapter: 1.2.1 (/opt/ros/foxy/share/rosidl_adapter/cmake)
[1.697s] -- Found OpenSSL: /usr/lib/aarch64-linux-gnu/libcrypto.so (found version "1.1.1f")  
[1.813s] -- Found FastRTPS: /opt/ros/foxy/include  
[2.209s] -- Using all available rosidl_typesupport_cpp: rosidl_typesupport_fastrtps_cpp;rosidl_typesupport_introspection_cpp
[2.521s] -- Found rmw_implementation_cmake: 1.0.3 (/opt/ros/foxy/share/rmw_implementation_cmake/cmake)
[2.530s] -- Using RMW implementation 'rmw_fastrtps_cpp' as default
[2.537s] -- Looking for pthread.h
[2.856s] -- Looking for pthread.h - found
[2.857s] -- Performing Test CMAKE_HAVE_LIBC_PTHREAD
[3.149s] -- Performing Test CMAKE_HAVE_LIBC_PTHREAD - Failed
[3.150s] -- Looking for pthread_create in pthreads
[3.385s] -- Looking for pthread_create in pthreads - not found
[3.386s] -- Looking for pthread_create in pthread
[3.674s] -- Looking for pthread_create in pthread - found
[3.678s] -- Found Threads: TRUE  
[4.401s] -- Found sensor_msgs: 2.0.4 (/opt/ros/foxy/share/sensor_msgs/cmake)
[4.908s] -- Found ament_lint_auto: 0.9.6 (/opt/ros/foxy/share/ament_lint_auto/cmake)
[5.268s] -- Added test 'copyright' to check source files copyright and LICENSE
[5.280s] -- Added test 'cppcheck' to perform static code analysis on C / C++ code
[5.281s] -- Configured cppcheck include dirs: 
[5.282s] -- Configured cppcheck exclude dirs and/or files: 
[5.293s] -- Added test 'cpplint' to check C / C++ code against the Google style
[5.293s] -- Configured cpplint exclude dirs and/or files: 
[5.299s] -- Added test 'lint_cmake' to check CMake code style
[5.312s] -- Added test 'uncrustify' to check C / C++ code style
[5.312s] -- Configured uncrustify additional arguments: 
[5.315s] -- Added test 'xmllint' to check XML markup files
[5.338s] -- Configuring done
[5.342s] CMake Error at CMakeLists.txt:25 (add_executable):
[5.343s]   Cannot find source file:
[5.343s] 
[5.344s]     hardware_comm/hardware_comm.cpp
[5.344s] 
[5.344s]   Tried extensions .c .C .c++ .cc .cpp .cxx .cu .m .M .mm .h .hh .h++ .hm
[5.345s]   .hpp .hxx .in .txx
[5.345s] 
[5.346s] 
[5.346s] CMake Error at CMakeLists.txt:25 (add_executable):
[5.347s]   No SOURCES given to target: hardware_comm
[5.348s] 
[5.349s] 
[5.349s] CMake Generate step failed.  Build files cannot be regenerated correctly.
[5.360s] Invoked command in '/home/ubuntu/UnencumberedJellyfish/build/hardware_comm' returned '1': CMAKE_PREFIX_PATH=/opt/ros/foxy /usr/bin/cmake /home/ubuntu/UnencumberedJellyfish/Code/hardware_comm -DCMAKE_INSTALL_PREFIX=/home/ubuntu/UnencumberedJellyfish/install/hardware_comm
