[0.067s] Invoking command in '/home/ubuntu/UnencumberedJellyfish/build/hardware_comm': CMAKE_PREFIX_PATH=/opt/ros/foxy /usr/bin/cmake /home/ubuntu/UnencumberedJellyfish/Code/hardware_comm -DCMAKE_INSTALL_PREFIX=/home/ubuntu/UnencumberedJellyfish/install/hardware_comm
[0.124s] -- Found ament_cmake: 0.9.9 (/opt/ros/foxy/share/ament_cmake/cmake)
[0.233s] -- Using PYTHON_EXECUTABLE: /usr/bin/python3
[0.965s] -- Found rclcpp: 2.4.0 (/opt/ros/foxy/share/rclcpp/cmake)
[1.108s] -- Using all available rosidl_typesupport_c: rosidl_typesupport_fastrtps_c;rosidl_typesupport_introspection_c
[1.123s] -- Found rosidl_adapter: 1.2.1 (/opt/ros/foxy/share/rosidl_adapter/cmake)
[1.621s] -- Using all available rosidl_typesupport_cpp: rosidl_typesupport_fastrtps_cpp;rosidl_typesupport_introspection_cpp
[1.819s] -- Found rmw_implementation_cmake: 1.0.3 (/opt/ros/foxy/share/rmw_implementation_cmake/cmake)
[1.825s] -- Using RMW implementation 'rmw_fastrtps_cpp' as default
[2.395s] -- Found sensor_msgs: 2.0.4 (/opt/ros/foxy/share/sensor_msgs/cmake)
[2.846s] -- Found ament_lint_auto: 0.9.6 (/opt/ros/foxy/share/ament_lint_auto/cmake)
[3.112s] -- Added test 'copyright' to check source files copyright and LICENSE
[3.123s] -- Added test 'cppcheck' to perform static code analysis on C / C++ code
[3.124s] -- Configured cppcheck include dirs: 
[3.124s] -- Configured cppcheck exclude dirs and/or files: 
[3.135s] -- Added test 'cpplint' to check C / C++ code against the Google style
[3.135s] -- Configured cpplint exclude dirs and/or files: 
[3.140s] -- Added test 'lint_cmake' to check CMake code style
[3.153s] -- Added test 'uncrustify' to check C / C++ code style
[3.153s] -- Configured uncrustify additional arguments: 
[3.155s] -- Added test 'xmllint' to check XML markup files
[3.176s] -- Configuring done
[3.206s] -- Generating done
[3.212s] -- Build files have been written to: /home/ubuntu/UnencumberedJellyfish/build/hardware_comm
[3.233s] Invoked command in '/home/ubuntu/UnencumberedJellyfish/build/hardware_comm' returned '0': CMAKE_PREFIX_PATH=/opt/ros/foxy /usr/bin/cmake /home/ubuntu/UnencumberedJellyfish/Code/hardware_comm -DCMAKE_INSTALL_PREFIX=/home/ubuntu/UnencumberedJellyfish/install/hardware_comm
[3.241s] Invoking command in '/home/ubuntu/UnencumberedJellyfish/build/hardware_comm': CMAKE_PREFIX_PATH=/opt/ros/foxy /usr/bin/cmake --build /home/ubuntu/UnencumberedJellyfish/build/hardware_comm -- -j4 -l4
[3.395s] [35m[1mScanning dependencies of target hardware_comm[0m
[3.436s] [ 50%] [32mBuilding CXX object CMakeFiles/hardware_comm.dir/src/hardware_comm.cpp.o[0m
[3.472s] [01m[K/home/ubuntu/UnencumberedJellyfish/Code/hardware_comm/src/hardware_comm.cpp:1:10:[m[K [01;31m[Kfatal error: [m[Khardware_comm/hardware_common.hpp: No such file or directory
[3.473s]     1 | #include [01;31m[K"hardware_comm/hardware_common.hpp"[m[K
[3.474s]       |          [01;31m[K^~~~~~~~~~~~~~~~~~~~~~~~~~~~~~~~~~~[m[K
[3.474s] compilation terminated.
[3.478s] make[2]: *** [CMakeFiles/hardware_comm.dir/build.make:63: CMakeFiles/hardware_comm.dir/src/hardware_comm.cpp.o] Error 1
[3.479s] make[1]: *** [CMakeFiles/Makefile2:78: CMakeFiles/hardware_comm.dir/all] Error 2
[3.479s] make: *** [Makefile:141: all] Error 2
[3.485s] Invoked command in '/home/ubuntu/UnencumberedJellyfish/build/hardware_comm' returned '2': CMAKE_PREFIX_PATH=/opt/ros/foxy /usr/bin/cmake --build /home/ubuntu/UnencumberedJellyfish/build/hardware_comm -- -j4 -l4
