[0.578s] DEBUG:colcon:Command line arguments: ['/usr/bin/colcon', 'build']
[0.578s] DEBUG:colcon:Parsed command line arguments: Namespace(allow_overriding=[], ament_cmake_args=None, base_paths=['.'], build_base='build', catkin_cmake_args=None, catkin_skip_building_tests=False, cmake_args=None, cmake_clean_cache=False, cmake_clean_first=False, cmake_force_configure=False, cmake_target=None, cmake_target_skip_unavailable=False, continue_on_error=False, event_handlers=None, executor='parallel', ignore_user_meta=False, install_base='install', log_base=None, log_level=None, main=<bound method BuildVerb.main of <colcon_core.verb.build.BuildVerb object at 0xffff94139730>>, merge_install=False, metas=['./colcon.meta'], packages_above=None, packages_above_and_dependencies=None, packages_above_depth=None, packages_end=None, packages_ignore=None, packages_ignore_regex=None, packages_select=None, packages_select_build_failed=False, packages_select_by_dep=None, packages_select_regex=None, packages_select_test_failures=False, packages_skip=None, packages_skip_build_finished=False, packages_skip_by_dep=None, packages_skip_regex=None, packages_skip_test_passed=False, packages_skip_up_to=None, packages_start=None, packages_up_to=None, packages_up_to_regex=None, parallel_workers=4, paths=None, symlink_install=False, test_result_base=None, verb_extension=<colcon_core.verb.build.BuildVerb object at 0xffff94139730>, verb_name='build', verb_parser=<colcon_defaults.argument_parser.defaults.DefaultArgumentsDecorator object at 0xffff94139ca0>)
[0.597s] Level 1:colcon.colcon_core.package_discovery:discover_packages(colcon_meta) check parameters
[0.597s] Level 1:colcon.colcon_core.package_discovery:discover_packages(recursive) check parameters
[0.597s] Level 1:colcon.colcon_core.package_discovery:discover_packages(ignore) check parameters
[0.598s] Level 1:colcon.colcon_core.package_discovery:discover_packages(path) check parameters
[0.598s] Level 1:colcon.colcon_core.package_discovery:discover_packages(colcon_meta) discover
[0.598s] Level 1:colcon.colcon_core.package_discovery:discover_packages(recursive) discover
[0.598s] INFO:colcon.colcon_core.package_discovery:Crawling recursively for packages in '/home/ubuntu/UnencumberedJellyfish'
[0.599s] Level 1:colcon.colcon_core.package_identification:_identify(.) by extensions ['ignore', 'ignore_ament_install']
[0.599s] Level 1:colcon.colcon_core.package_identification:_identify(.) by extension 'ignore'
[0.599s] Level 1:colcon.colcon_core.package_identification:_identify(.) by extension 'ignore_ament_install'
[0.600s] Level 1:colcon.colcon_core.package_identification:_identify(.) by extensions ['colcon_pkg']
[0.600s] Level 1:colcon.colcon_core.package_identification:_identify(.) by extension 'colcon_pkg'
[0.600s] Level 1:colcon.colcon_core.package_identification:_identify(.) by extensions ['colcon_meta']
[0.600s] Level 1:colcon.colcon_core.package_identification:_identify(.) by extension 'colcon_meta'
[0.600s] Level 1:colcon.colcon_core.package_identification:_identify(.) by extensions ['ros']
[0.600s] Level 1:colcon.colcon_core.package_identification:_identify(.) by extension 'ros'
[0.648s] Level 1:colcon.colcon_core.package_identification:_identify(.) by extensions ['cmake', 'python']
[0.648s] Level 1:colcon.colcon_core.package_identification:_identify(.) by extension 'cmake'
[0.648s] Level 1:colcon.colcon_core.package_identification:_identify(.) by extension 'python'
[0.649s] Level 1:colcon.colcon_core.package_identification:_identify(.) by extensions ['python_setup_py']
[0.649s] Level 1:colcon.colcon_core.package_identification:_identify(.) by extension 'python_setup_py'
[0.649s] Level 1:colcon.colcon_core.package_identification:_identify(Code) by extensions ['ignore', 'ignore_ament_install']
[0.650s] Level 1:colcon.colcon_core.package_identification:_identify(Code) by extension 'ignore'
[0.650s] Level 1:colcon.colcon_core.package_identification:_identify(Code) by extension 'ignore_ament_install'
[0.650s] Level 1:colcon.colcon_core.package_identification:_identify(Code) by extensions ['colcon_pkg']
[0.650s] Level 1:colcon.colcon_core.package_identification:_identify(Code) by extension 'colcon_pkg'
[0.651s] Level 1:colcon.colcon_core.package_identification:_identify(Code) by extensions ['colcon_meta']
[0.651s] Level 1:colcon.colcon_core.package_identification:_identify(Code) by extension 'colcon_meta'
[0.651s] Level 1:colcon.colcon_core.package_identification:_identify(Code) by extensions ['ros']
[0.651s] Level 1:colcon.colcon_core.package_identification:_identify(Code) by extension 'ros'
[0.651s] Level 1:colcon.colcon_core.package_identification:_identify(Code) by extensions ['cmake', 'python']
[0.651s] Level 1:colcon.colcon_core.package_identification:_identify(Code) by extension 'cmake'
[0.652s] Level 1:colcon.colcon_core.package_identification:_identify(Code) by extension 'python'
[0.652s] Level 1:colcon.colcon_core.package_identification:_identify(Code) by extensions ['python_setup_py']
[0.652s] Level 1:colcon.colcon_core.package_identification:_identify(Code) by extension 'python_setup_py'
[0.652s] Level 1:colcon.colcon_core.package_identification:_identify(Code/AStar) by extensions ['ignore', 'ignore_ament_install']
[0.653s] Level 1:colcon.colcon_core.package_identification:_identify(Code/AStar) by extension 'ignore'
[0.653s] Level 1:colcon.colcon_core.package_identification:_identify(Code/AStar) by extension 'ignore_ament_install'
[0.653s] Level 1:colcon.colcon_core.package_identification:_identify(Code/AStar) by extensions ['colcon_pkg']
[0.653s] Level 1:colcon.colcon_core.package_identification:_identify(Code/AStar) by extension 'colcon_pkg'
[0.653s] Level 1:colcon.colcon_core.package_identification:_identify(Code/AStar) by extensions ['colcon_meta']
[0.654s] Level 1:colcon.colcon_core.package_identification:_identify(Code/AStar) by extension 'colcon_meta'
[0.654s] Level 1:colcon.colcon_core.package_identification:_identify(Code/AStar) by extensions ['ros']
[0.654s] Level 1:colcon.colcon_core.package_identification:_identify(Code/AStar) by extension 'ros'
[0.654s] Level 1:colcon.colcon_core.package_identification:_identify(Code/AStar) by extensions ['cmake', 'python']
[0.654s] Level 1:colcon.colcon_core.package_identification:_identify(Code/AStar) by extension 'cmake'
[0.655s] Level 1:colcon.colcon_core.package_identification:_identify(Code/AStar) by extension 'python'
[0.655s] Level 1:colcon.colcon_core.package_identification:_identify(Code/AStar) by extensions ['python_setup_py']
[0.655s] Level 1:colcon.colcon_core.package_identification:_identify(Code/AStar) by extension 'python_setup_py'
[0.655s] Level 1:colcon.colcon_core.package_identification:_identify(Code/AStar/LED) by extensions ['ignore', 'ignore_ament_install']
[0.656s] Level 1:colcon.colcon_core.package_identification:_identify(Code/AStar/LED) by extension 'ignore'
[0.656s] Level 1:colcon.colcon_core.package_identification:_identify(Code/AStar/LED) by extension 'ignore_ament_install'
[0.656s] Level 1:colcon.colcon_core.package_identification:_identify(Code/AStar/LED) by extensions ['colcon_pkg']
[0.656s] Level 1:colcon.colcon_core.package_identification:_identify(Code/AStar/LED) by extension 'colcon_pkg'
[0.656s] Level 1:colcon.colcon_core.package_identification:_identify(Code/AStar/LED) by extensions ['colcon_meta']
[0.656s] Level 1:colcon.colcon_core.package_identification:_identify(Code/AStar/LED) by extension 'colcon_meta'
[0.657s] Level 1:colcon.colcon_core.package_identification:_identify(Code/AStar/LED) by extensions ['ros']
[0.657s] Level 1:colcon.colcon_core.package_identification:_identify(Code/AStar/LED) by extension 'ros'
[0.657s] Level 1:colcon.colcon_core.package_identification:_identify(Code/AStar/LED) by extensions ['cmake', 'python']
[0.657s] Level 1:colcon.colcon_core.package_identification:_identify(Code/AStar/LED) by extension 'cmake'
[0.657s] Level 1:colcon.colcon_core.package_identification:_identify(Code/AStar/LED) by extension 'python'
[0.658s] Level 1:colcon.colcon_core.package_identification:_identify(Code/AStar/LED) by extensions ['python_setup_py']
[0.658s] Level 1:colcon.colcon_core.package_identification:_identify(Code/AStar/LED) by extension 'python_setup_py'
[0.658s] Level 1:colcon.colcon_core.package_identification:_identify(Code/Display) by extensions ['ignore', 'ignore_ament_install']
[0.659s] Level 1:colcon.colcon_core.package_identification:_identify(Code/Display) by extension 'ignore'
[0.659s] Level 1:colcon.colcon_core.package_identification:_identify(Code/Display) by extension 'ignore_ament_install'
[0.659s] Level 1:colcon.colcon_core.package_identification:_identify(Code/Display) by extensions ['colcon_pkg']
[0.659s] Level 1:colcon.colcon_core.package_identification:_identify(Code/Display) by extension 'colcon_pkg'
[0.659s] Level 1:colcon.colcon_core.package_identification:_identify(Code/Display) by extensions ['colcon_meta']
[0.659s] Level 1:colcon.colcon_core.package_identification:_identify(Code/Display) by extension 'colcon_meta'
[0.660s] Level 1:colcon.colcon_core.package_identification:_identify(Code/Display) by extensions ['ros']
[0.660s] Level 1:colcon.colcon_core.package_identification:_identify(Code/Display) by extension 'ros'
[0.660s] Level 1:colcon.colcon_core.package_identification:_identify(Code/Display) by extensions ['cmake', 'python']
[0.660s] Level 1:colcon.colcon_core.package_identification:_identify(Code/Display) by extension 'cmake'
[0.660s] Level 1:colcon.colcon_core.package_identification:_identify(Code/Display) by extension 'python'
[0.661s] Level 1:colcon.colcon_core.package_identification:_identify(Code/Display) by extensions ['python_setup_py']
[0.661s] Level 1:colcon.colcon_core.package_identification:_identify(Code/Display) by extension 'python_setup_py'
[0.661s] Level 1:colcon.colcon_core.package_identification:_identify(Code/Display/Blink) by extensions ['ignore', 'ignore_ament_install']
[0.662s] Level 1:colcon.colcon_core.package_identification:_identify(Code/Display/Blink) by extension 'ignore'
[0.662s] Level 1:colcon.colcon_core.package_identification:_identify(Code/Display/Blink) by extension 'ignore_ament_install'
[0.662s] Level 1:colcon.colcon_core.package_identification:_identify(Code/Display/Blink) by extensions ['colcon_pkg']
[0.662s] Level 1:colcon.colcon_core.package_identification:_identify(Code/Display/Blink) by extension 'colcon_pkg'
[0.662s] Level 1:colcon.colcon_core.package_identification:_identify(Code/Display/Blink) by extensions ['colcon_meta']
[0.662s] Level 1:colcon.colcon_core.package_identification:_identify(Code/Display/Blink) by extension 'colcon_meta'
[0.663s] Level 1:colcon.colcon_core.package_identification:_identify(Code/Display/Blink) by extensions ['ros']
[0.663s] Level 1:colcon.colcon_core.package_identification:_identify(Code/Display/Blink) by extension 'ros'
[0.663s] Level 1:colcon.colcon_core.package_identification:_identify(Code/Display/Blink) by extensions ['cmake', 'python']
[0.663s] Level 1:colcon.colcon_core.package_identification:_identify(Code/Display/Blink) by extension 'cmake'
[0.663s] Level 1:colcon.colcon_core.package_identification:_identify(Code/Display/Blink) by extension 'python'
[0.664s] Level 1:colcon.colcon_core.package_identification:_identify(Code/Display/Blink) by extensions ['python_setup_py']
[0.664s] Level 1:colcon.colcon_core.package_identification:_identify(Code/Display/Blink) by extension 'python_setup_py'
[0.664s] Level 1:colcon.colcon_core.package_identification:_identify(Code/Display/display) by extensions ['ignore', 'ignore_ament_install']
[0.665s] Level 1:colcon.colcon_core.package_identification:_identify(Code/Display/display) by extension 'ignore'
[0.665s] Level 1:colcon.colcon_core.package_identification:_identify(Code/Display/display) by extension 'ignore_ament_install'
[0.665s] Level 1:colcon.colcon_core.package_identification:_identify(Code/Display/display) by extensions ['colcon_pkg']
[0.665s] Level 1:colcon.colcon_core.package_identification:_identify(Code/Display/display) by extension 'colcon_pkg'
[0.665s] Level 1:colcon.colcon_core.package_identification:_identify(Code/Display/display) by extensions ['colcon_meta']
[0.665s] Level 1:colcon.colcon_core.package_identification:_identify(Code/Display/display) by extension 'colcon_meta'
[0.666s] Level 1:colcon.colcon_core.package_identification:_identify(Code/Display/display) by extensions ['ros']
[0.666s] Level 1:colcon.colcon_core.package_identification:_identify(Code/Display/display) by extension 'ros'
[0.666s] Level 1:colcon.colcon_core.package_identification:_identify(Code/Display/display) by extensions ['cmake', 'python']
[0.666s] Level 1:colcon.colcon_core.package_identification:_identify(Code/Display/display) by extension 'cmake'
[0.666s] Level 1:colcon.colcon_core.package_identification:_identify(Code/Display/display) by extension 'python'
[0.667s] Level 1:colcon.colcon_core.package_identification:_identify(Code/Display/display) by extensions ['python_setup_py']
[0.667s] Level 1:colcon.colcon_core.package_identification:_identify(Code/Display/display) by extension 'python_setup_py'
[0.667s] Level 1:colcon.colcon_core.package_identification:_identify(Code/Display/graphicstest_featherwing) by extensions ['ignore', 'ignore_ament_install']
[0.668s] Level 1:colcon.colcon_core.package_identification:_identify(Code/Display/graphicstest_featherwing) by extension 'ignore'
[0.668s] Level 1:colcon.colcon_core.package_identification:_identify(Code/Display/graphicstest_featherwing) by extension 'ignore_ament_install'
[0.668s] Level 1:colcon.colcon_core.package_identification:_identify(Code/Display/graphicstest_featherwing) by extensions ['colcon_pkg']
[0.668s] Level 1:colcon.colcon_core.package_identification:_identify(Code/Display/graphicstest_featherwing) by extension 'colcon_pkg'
[0.668s] Level 1:colcon.colcon_core.package_identification:_identify(Code/Display/graphicstest_featherwing) by extensions ['colcon_meta']
[0.668s] Level 1:colcon.colcon_core.package_identification:_identify(Code/Display/graphicstest_featherwing) by extension 'colcon_meta'
[0.669s] Level 1:colcon.colcon_core.package_identification:_identify(Code/Display/graphicstest_featherwing) by extensions ['ros']
[0.669s] Level 1:colcon.colcon_core.package_identification:_identify(Code/Display/graphicstest_featherwing) by extension 'ros'
[0.669s] Level 1:colcon.colcon_core.package_identification:_identify(Code/Display/graphicstest_featherwing) by extensions ['cmake', 'python']
[0.669s] Level 1:colcon.colcon_core.package_identification:_identify(Code/Display/graphicstest_featherwing) by extension 'cmake'
[0.669s] Level 1:colcon.colcon_core.package_identification:_identify(Code/Display/graphicstest_featherwing) by extension 'python'
[0.670s] Level 1:colcon.colcon_core.package_identification:_identify(Code/Display/graphicstest_featherwing) by extensions ['python_setup_py']
[0.670s] Level 1:colcon.colcon_core.package_identification:_identify(Code/Display/graphicstest_featherwing) by extension 'python_setup_py'
[0.670s] Level 1:colcon.colcon_core.package_identification:_identify(Code/Display/touchpad) by extensions ['ignore', 'ignore_ament_install']
[0.670s] Level 1:colcon.colcon_core.package_identification:_identify(Code/Display/touchpad) by extension 'ignore'
[0.671s] Level 1:colcon.colcon_core.package_identification:_identify(Code/Display/touchpad) by extension 'ignore_ament_install'
[0.671s] Level 1:colcon.colcon_core.package_identification:_identify(Code/Display/touchpad) by extensions ['colcon_pkg']
[0.671s] Level 1:colcon.colcon_core.package_identification:_identify(Code/Display/touchpad) by extension 'colcon_pkg'
[0.671s] Level 1:colcon.colcon_core.package_identification:_identify(Code/Display/touchpad) by extensions ['colcon_meta']
[0.671s] Level 1:colcon.colcon_core.package_identification:_identify(Code/Display/touchpad) by extension 'colcon_meta'
[0.672s] Level 1:colcon.colcon_core.package_identification:_identify(Code/Display/touchpad) by extensions ['ros']
[0.672s] Level 1:colcon.colcon_core.package_identification:_identify(Code/Display/touchpad) by extension 'ros'
[0.672s] Level 1:colcon.colcon_core.package_identification:_identify(Code/Display/touchpad) by extensions ['cmake', 'python']
[0.672s] Level 1:colcon.colcon_core.package_identification:_identify(Code/Display/touchpad) by extension 'cmake'
[0.672s] Level 1:colcon.colcon_core.package_identification:_identify(Code/Display/touchpad) by extension 'python'
[0.673s] Level 1:colcon.colcon_core.package_identification:_identify(Code/Display/touchpad) by extensions ['python_setup_py']
[0.673s] Level 1:colcon.colcon_core.package_identification:_identify(Code/Display/touchpad) by extension 'python_setup_py'
[0.673s] Level 1:colcon.colcon_core.package_identification:_identify(Code/Display/touchscreendemo) by extensions ['ignore', 'ignore_ament_install']
[0.673s] Level 1:colcon.colcon_core.package_identification:_identify(Code/Display/touchscreendemo) by extension 'ignore'
[0.674s] Level 1:colcon.colcon_core.package_identification:_identify(Code/Display/touchscreendemo) by extension 'ignore_ament_install'
[0.674s] Level 1:colcon.colcon_core.package_identification:_identify(Code/Display/touchscreendemo) by extensions ['colcon_pkg']
[0.674s] Level 1:colcon.colcon_core.package_identification:_identify(Code/Display/touchscreendemo) by extension 'colcon_pkg'
[0.674s] Level 1:colcon.colcon_core.package_identification:_identify(Code/Display/touchscreendemo) by extensions ['colcon_meta']
[0.674s] Level 1:colcon.colcon_core.package_identification:_identify(Code/Display/touchscreendemo) by extension 'colcon_meta'
[0.675s] Level 1:colcon.colcon_core.package_identification:_identify(Code/Display/touchscreendemo) by extensions ['ros']
[0.675s] Level 1:colcon.colcon_core.package_identification:_identify(Code/Display/touchscreendemo) by extension 'ros'
[0.675s] Level 1:colcon.colcon_core.package_identification:_identify(Code/Display/touchscreendemo) by extensions ['cmake', 'python']
[0.675s] Level 1:colcon.colcon_core.package_identification:_identify(Code/Display/touchscreendemo) by extension 'cmake'
[0.675s] Level 1:colcon.colcon_core.package_identification:_identify(Code/Display/touchscreendemo) by extension 'python'
[0.676s] Level 1:colcon.colcon_core.package_identification:_identify(Code/Display/touchscreendemo) by extensions ['python_setup_py']
[0.676s] Level 1:colcon.colcon_core.package_identification:_identify(Code/Display/touchscreendemo) by extension 'python_setup_py'
[0.676s] Level 1:colcon.colcon_core.package_identification:_identify(Code/drive_base) by extensions ['ignore', 'ignore_ament_install']
[0.676s] Level 1:colcon.colcon_core.package_identification:_identify(Code/drive_base) by extension 'ignore'
[0.677s] Level 1:colcon.colcon_core.package_identification:_identify(Code/drive_base) by extension 'ignore_ament_install'
[0.677s] Level 1:colcon.colcon_core.package_identification:_identify(Code/drive_base) by extensions ['colcon_pkg']
[0.677s] Level 1:colcon.colcon_core.package_identification:_identify(Code/drive_base) by extension 'colcon_pkg'
[0.677s] Level 1:colcon.colcon_core.package_identification:_identify(Code/drive_base) by extensions ['colcon_meta']
[0.677s] Level 1:colcon.colcon_core.package_identification:_identify(Code/drive_base) by extension 'colcon_meta'
[0.677s] Level 1:colcon.colcon_core.package_identification:_identify(Code/drive_base) by extensions ['ros']
[0.678s] Level 1:colcon.colcon_core.package_identification:_identify(Code/drive_base) by extension 'ros'
[0.686s] DEBUG:colcon.colcon_core.package_identification:Package 'Code/drive_base' with type 'ros.ament_cmake' and name 'drive_base'
[0.687s] Level 1:colcon.colcon_core.package_identification:_identify(Code/hardware_comm) by extensions ['ignore', 'ignore_ament_install']
[0.687s] Level 1:colcon.colcon_core.package_identification:_identify(Code/hardware_comm) by extension 'ignore'
[0.687s] Level 1:colcon.colcon_core.package_identification:_identify(Code/hardware_comm) by extension 'ignore_ament_install'
[0.688s] Level 1:colcon.colcon_core.package_identification:_identify(Code/hardware_comm) by extensions ['colcon_pkg']
[0.688s] Level 1:colcon.colcon_core.package_identification:_identify(Code/hardware_comm) by extension 'colcon_pkg'
[0.688s] Level 1:colcon.colcon_core.package_identification:_identify(Code/hardware_comm) by extensions ['colcon_meta']
[0.688s] Level 1:colcon.colcon_core.package_identification:_identify(Code/hardware_comm) by extension 'colcon_meta'
[0.688s] Level 1:colcon.colcon_core.package_identification:_identify(Code/hardware_comm) by extensions ['ros']
[0.688s] Level 1:colcon.colcon_core.package_identification:_identify(Code/hardware_comm) by extension 'ros'
[0.690s] DEBUG:colcon.colcon_core.package_identification:Package 'Code/hardware_comm' with type 'ros.ament_cmake' and name 'hardware_comm'
[0.691s] Level 1:colcon.colcon_core.package_identification:_identify(Drivers) by extensions ['ignore', 'ignore_ament_install']
[0.691s] Level 1:colcon.colcon_core.package_identification:_identify(Drivers) by extension 'ignore'
[0.691s] Level 1:colcon.colcon_core.package_identification:_identify(Drivers) by extension 'ignore_ament_install'
[0.692s] Level 1:colcon.colcon_core.package_identification:_identify(Drivers) by extensions ['colcon_pkg']
[0.692s] Level 1:colcon.colcon_core.package_identification:_identify(Drivers) by extension 'colcon_pkg'
[0.692s] Level 1:colcon.colcon_core.package_identification:_identify(Drivers) by extensions ['colcon_meta']
[0.692s] Level 1:colcon.colcon_core.package_identification:_identify(Drivers) by extension 'colcon_meta'
[0.692s] Level 1:colcon.colcon_core.package_identification:_identify(Drivers) by extensions ['ros']
[0.692s] Level 1:colcon.colcon_core.package_identification:_identify(Drivers) by extension 'ros'
[0.693s] Level 1:colcon.colcon_core.package_identification:_identify(Drivers) by extensions ['cmake', 'python']
[0.693s] Level 1:colcon.colcon_core.package_identification:_identify(Drivers) by extension 'cmake'
[0.693s] Level 1:colcon.colcon_core.package_identification:_identify(Drivers) by extension 'python'
[0.693s] Level 1:colcon.colcon_core.package_identification:_identify(Drivers) by extensions ['python_setup_py']
[0.693s] Level 1:colcon.colcon_core.package_identification:_identify(Drivers) by extension 'python_setup_py'
[0.694s] Level 1:colcon.colcon_core.package_identification:_identify(Drivers/bno055) by extensions ['ignore', 'ignore_ament_install']
[0.694s] Level 1:colcon.colcon_core.package_identification:_identify(Drivers/bno055) by extension 'ignore'
[0.695s] Level 1:colcon.colcon_core.package_identification:_identify(Drivers/bno055) by extension 'ignore_ament_install'
[0.695s] Level 1:colcon.colcon_core.package_identification:_identify(Drivers/bno055) by extensions ['colcon_pkg']
[0.695s] Level 1:colcon.colcon_core.package_identification:_identify(Drivers/bno055) by extension 'colcon_pkg'
[0.695s] Level 1:colcon.colcon_core.package_identification:_identify(Drivers/bno055) by extensions ['colcon_meta']
[0.695s] Level 1:colcon.colcon_core.package_identification:_identify(Drivers/bno055) by extension 'colcon_meta'
[0.695s] Level 1:colcon.colcon_core.package_identification:_identify(Drivers/bno055) by extensions ['ros']
[0.696s] Level 1:colcon.colcon_core.package_identification:_identify(Drivers/bno055) by extension 'ros'
[0.696s] Level 1:colcon.colcon_core.package_identification:_identify(Drivers/bno055) by extensions ['cmake', 'python']
[0.696s] Level 1:colcon.colcon_core.package_identification:_identify(Drivers/bno055) by extension 'cmake'
[0.696s] Level 1:colcon.colcon_core.package_identification:_identify(Drivers/bno055) by extension 'python'
[0.696s] Level 1:colcon.colcon_core.package_identification:_identify(Drivers/bno055) by extensions ['python_setup_py']
[0.696s] Level 1:colcon.colcon_core.package_identification:_identify(Drivers/bno055) by extension 'python_setup_py'
[0.697s] Level 1:colcon.colcon_core.package_identification:_identify(build) by extensions ['ignore', 'ignore_ament_install']
[0.697s] Level 1:colcon.colcon_core.package_identification:_identify(build) by extension 'ignore'
[0.697s] Level 1:colcon.colcon_core.package_identification:_identify(build) ignored
[0.698s] Level 1:colcon.colcon_core.package_identification:_identify(install) by extensions ['ignore', 'ignore_ament_install']
[0.698s] Level 1:colcon.colcon_core.package_identification:_identify(install) by extension 'ignore'
[0.699s] Level 1:colcon.colcon_core.package_identification:_identify(install) ignored
[0.699s] Level 1:colcon.colcon_core.package_identification:_identify(log) by extensions ['ignore', 'ignore_ament_install']
[0.700s] Level 1:colcon.colcon_core.package_identification:_identify(log) by extension 'ignore'
[0.700s] Level 1:colcon.colcon_core.package_identification:_identify(log) ignored
[0.700s] Level 1:colcon.colcon_core.package_discovery:discover_packages(recursive) using defaults
[0.700s] Level 1:colcon.colcon_core.package_discovery:discover_packages(ignore) discover
[0.700s] Level 1:colcon.colcon_core.package_discovery:discover_packages(ignore) using defaults
[0.700s] Level 1:colcon.colcon_core.package_discovery:discover_packages(path) discover
[0.700s] Level 1:colcon.colcon_core.package_discovery:discover_packages(path) using defaults
[0.767s] Level 5:colcon.colcon_core.verb:set package 'drive_base' build argument 'cmake_args' from command line to 'None'
[0.767s] Level 5:colcon.colcon_core.verb:set package 'drive_base' build argument 'cmake_target' from command line to 'None'
[0.767s] Level 5:colcon.colcon_core.verb:set package 'drive_base' build argument 'cmake_target_skip_unavailable' from command line to 'False'
[0.767s] Level 5:colcon.colcon_core.verb:set package 'drive_base' build argument 'cmake_clean_cache' from command line to 'False'
[0.767s] Level 5:colcon.colcon_core.verb:set package 'drive_base' build argument 'cmake_clean_first' from command line to 'False'
[0.768s] Level 5:colcon.colcon_core.verb:set package 'drive_base' build argument 'cmake_force_configure' from command line to 'False'
[0.768s] Level 5:colcon.colcon_core.verb:set package 'drive_base' build argument 'ament_cmake_args' from command line to 'None'
[0.768s] Level 5:colcon.colcon_core.verb:set package 'drive_base' build argument 'catkin_cmake_args' from command line to 'None'
[0.768s] Level 5:colcon.colcon_core.verb:set package 'drive_base' build argument 'catkin_skip_building_tests' from command line to 'False'
[0.768s] DEBUG:colcon.colcon_core.verb:Building package 'drive_base' with the following arguments: {'ament_cmake_args': None, 'build_base': '/home/ubuntu/UnencumberedJellyfish/build/drive_base', 'catkin_cmake_args': None, 'catkin_skip_building_tests': False, 'cmake_args': None, 'cmake_clean_cache': False, 'cmake_clean_first': False, 'cmake_force_configure': False, 'cmake_target': None, 'cmake_target_skip_unavailable': False, 'install_base': '/home/ubuntu/UnencumberedJellyfish/install/drive_base', 'merge_install': False, 'path': '/home/ubuntu/UnencumberedJellyfish/Code/drive_base', 'symlink_install': False, 'test_result_base': None}
[0.771s] Level 5:colcon.colcon_core.verb:set package 'hardware_comm' build argument 'cmake_args' from command line to 'None'
[0.771s] Level 5:colcon.colcon_core.verb:set package 'hardware_comm' build argument 'cmake_target' from command line to 'None'
[0.771s] Level 5:colcon.colcon_core.verb:set package 'hardware_comm' build argument 'cmake_target_skip_unavailable' from command line to 'False'
[0.771s] Level 5:colcon.colcon_core.verb:set package 'hardware_comm' build argument 'cmake_clean_cache' from command line to 'False'
[0.771s] Level 5:colcon.colcon_core.verb:set package 'hardware_comm' build argument 'cmake_clean_first' from command line to 'False'
[0.771s] Level 5:colcon.colcon_core.verb:set package 'hardware_comm' build argument 'cmake_force_configure' from command line to 'False'
[0.772s] Level 5:colcon.colcon_core.verb:set package 'hardware_comm' build argument 'ament_cmake_args' from command line to 'None'
[0.772s] Level 5:colcon.colcon_core.verb:set package 'hardware_comm' build argument 'catkin_cmake_args' from command line to 'None'
[0.772s] Level 5:colcon.colcon_core.verb:set package 'hardware_comm' build argument 'catkin_skip_building_tests' from command line to 'False'
[0.772s] DEBUG:colcon.colcon_core.verb:Building package 'hardware_comm' with the following arguments: {'ament_cmake_args': None, 'build_base': '/home/ubuntu/UnencumberedJellyfish/build/hardware_comm', 'catkin_cmake_args': None, 'catkin_skip_building_tests': False, 'cmake_args': None, 'cmake_clean_cache': False, 'cmake_clean_first': False, 'cmake_force_configure': False, 'cmake_target': None, 'cmake_target_skip_unavailable': False, 'install_base': '/home/ubuntu/UnencumberedJellyfish/install/hardware_comm', 'merge_install': False, 'path': '/home/ubuntu/UnencumberedJellyfish/Code/hardware_comm', 'symlink_install': False, 'test_result_base': None}
[0.790s] INFO:colcon.colcon_core.executor:Executing jobs using 'parallel' executor
[0.797s] DEBUG:colcon.colcon_parallel_executor.executor.parallel:run_until_complete
[0.798s] INFO:colcon.colcon_ros.task.ament_cmake.build:Building ROS package in '/home/ubuntu/UnencumberedJellyfish/Code/drive_base' with build type 'ament_cmake'
[0.799s] INFO:colcon.colcon_cmake.task.cmake.build:Building CMake package in '/home/ubuntu/UnencumberedJellyfish/Code/drive_base'
[0.812s] INFO:colcon.colcon_core.plugin_system:Skipping extension 'colcon_core.shell.bat': Not used on non-Windows systems
[0.813s] INFO:colcon.colcon_core.shell:Skip shell extension 'powershell' for command environment: Not usable outside of PowerShell
[0.813s] DEBUG:colcon.colcon_core.shell:Skip shell extension 'dsv' for command environment
[0.830s] INFO:colcon.colcon_ros.task.ament_cmake.build:Building ROS package in '/home/ubuntu/UnencumberedJellyfish/Code/hardware_comm' with build type 'ament_cmake'
[0.832s] INFO:colcon.colcon_cmake.task.cmake.build:Building CMake package in '/home/ubuntu/UnencumberedJellyfish/Code/hardware_comm'
[0.835s] INFO:colcon.colcon_core.shell:Skip shell extension 'powershell' for command environment: Not usable outside of PowerShell
[0.835s] DEBUG:colcon.colcon_core.shell:Skip shell extension 'dsv' for command environment
[0.866s] DEBUG:colcon.colcon_core.event_handler.log_command:Invoking command in '/home/ubuntu/UnencumberedJellyfish/build/drive_base': CMAKE_PREFIX_PATH=/opt/ros/foxy /usr/bin/cmake --build /home/ubuntu/UnencumberedJellyfish/build/drive_base -- -j4 -l4
[0.901s] DEBUG:colcon.colcon_core.event_handler.log_command:Invoking command in '/home/ubuntu/UnencumberedJellyfish/build/hardware_comm': CMAKE_PREFIX_PATH=/opt/ros/foxy /usr/bin/cmake --build /home/ubuntu/UnencumberedJellyfish/build/hardware_comm -- -j4 -l4
[1.028s] DEBUG:colcon.colcon_core.event_handler.log_command:Invoked command in '/home/ubuntu/UnencumberedJellyfish/build/drive_base' returned '0': CMAKE_PREFIX_PATH=/opt/ros/foxy /usr/bin/cmake --build /home/ubuntu/UnencumberedJellyfish/build/drive_base -- -j4 -l4
[1.168s] DEBUG:colcon.colcon_core.event_handler.log_command:Invoking command in '/home/ubuntu/UnencumberedJellyfish/build/drive_base': CMAKE_PREFIX_PATH=/opt/ros/foxy /usr/bin/cmake --install /home/ubuntu/UnencumberedJellyfish/build/drive_base
[1.215s] Level 1:colcon.colcon_core.environment:create_environment_scripts_only(drive_base)
[1.218s] DEBUG:colcon.colcon_core.event_handler.log_command:Invoked command in '/home/ubuntu/UnencumberedJellyfish/build/drive_base' returned '0': CMAKE_PREFIX_PATH=/opt/ros/foxy /usr/bin/cmake --install /home/ubuntu/UnencumberedJellyfish/build/drive_base
[1.235s] Level 1:colcon.colcon_core.environment:checking '/home/ubuntu/UnencumberedJellyfish/install/drive_base' for CMake module files
[1.238s] Level 1:colcon.colcon_core.environment:checking '/home/ubuntu/UnencumberedJellyfish/install/drive_base' for CMake config files
[1.240s] Level 1:colcon.colcon_core.shell:create_environment_hook('drive_base', 'cmake_prefix_path')
[1.242s] INFO:colcon.colcon_core.shell:Creating environment hook '/home/ubuntu/UnencumberedJellyfish/install/drive_base/share/drive_base/hook/cmake_prefix_path.ps1'
[1.245s] INFO:colcon.colcon_core.shell:Creating environment descriptor '/home/ubuntu/UnencumberedJellyfish/install/drive_base/share/drive_base/hook/cmake_prefix_path.dsv'
[1.247s] INFO:colcon.colcon_core.shell:Creating environment hook '/home/ubuntu/UnencumberedJellyfish/install/drive_base/share/drive_base/hook/cmake_prefix_path.sh'
[1.251s] Level 1:colcon.colcon_core.environment:checking '/home/ubuntu/UnencumberedJellyfish/install/drive_base/bin'
[1.252s] Level 1:colcon.colcon_core.environment:checking '/home/ubuntu/UnencumberedJellyfish/install/drive_base/lib/pkgconfig/drive_base.pc'
[1.252s] Level 1:colcon.colcon_core.environment:checking '/home/ubuntu/UnencumberedJellyfish/install/drive_base/lib/python3.8/site-packages'
[1.255s] INFO:colcon.colcon_core.shell:Creating package script '/home/ubuntu/UnencumberedJellyfish/install/drive_base/share/drive_base/package.ps1'
[1.258s] INFO:colcon.colcon_core.shell:Creating package descriptor '/home/ubuntu/UnencumberedJellyfish/install/drive_base/share/drive_base/package.dsv'
[1.261s] INFO:colcon.colcon_core.shell:Creating package script '/home/ubuntu/UnencumberedJellyfish/install/drive_base/share/drive_base/package.sh'
[1.264s] INFO:colcon.colcon_core.shell:Creating package script '/home/ubuntu/UnencumberedJellyfish/install/drive_base/share/drive_base/package.bash'
[1.268s] INFO:colcon.colcon_core.shell:Creating package script '/home/ubuntu/UnencumberedJellyfish/install/drive_base/share/drive_base/package.zsh'
[1.272s] Level 1:colcon.colcon_core.environment:create_file_with_runtime_dependencies(/home/ubuntu/UnencumberedJellyfish/install/drive_base/share/colcon-core/packages/drive_base)
[1.365s] Level 1:colcon.colcon_core.environment:create_environment_scripts_only(drive_base)
[1.368s] Level 1:colcon.colcon_core.environment:checking '/home/ubuntu/UnencumberedJellyfish/install/drive_base' for CMake module files
[1.371s] Level 1:colcon.colcon_core.environment:checking '/home/ubuntu/UnencumberedJellyfish/install/drive_base' for CMake config files
[1.372s] Level 1:colcon.colcon_core.shell:create_environment_hook('drive_base', 'cmake_prefix_path')
[1.374s] INFO:colcon.colcon_core.shell:Creating environment hook '/home/ubuntu/UnencumberedJellyfish/install/drive_base/share/drive_base/hook/cmake_prefix_path.ps1'
[1.376s] INFO:colcon.colcon_core.shell:Creating environment descriptor '/home/ubuntu/UnencumberedJellyfish/install/drive_base/share/drive_base/hook/cmake_prefix_path.dsv'
[1.378s] INFO:colcon.colcon_core.shell:Creating environment hook '/home/ubuntu/UnencumberedJellyfish/install/drive_base/share/drive_base/hook/cmake_prefix_path.sh'
[1.381s] Level 1:colcon.colcon_core.environment:checking '/home/ubuntu/UnencumberedJellyfish/install/drive_base/bin'
[1.381s] Level 1:colcon.colcon_core.environment:checking '/home/ubuntu/UnencumberedJellyfish/install/drive_base/lib/pkgconfig/drive_base.pc'
[1.381s] Level 1:colcon.colcon_core.environment:checking '/home/ubuntu/UnencumberedJellyfish/install/drive_base/lib/python3.8/site-packages'
[1.384s] INFO:colcon.colcon_core.shell:Creating package script '/home/ubuntu/UnencumberedJellyfish/install/drive_base/share/drive_base/package.ps1'
[1.386s] INFO:colcon.colcon_core.shell:Creating package descriptor '/home/ubuntu/UnencumberedJellyfish/install/drive_base/share/drive_base/package.dsv'
[1.389s] INFO:colcon.colcon_core.shell:Creating package script '/home/ubuntu/UnencumberedJellyfish/install/drive_base/share/drive_base/package.sh'
[1.391s] INFO:colcon.colcon_core.shell:Creating package script '/home/ubuntu/UnencumberedJellyfish/install/drive_base/share/drive_base/package.bash'
[1.393s] INFO:colcon.colcon_core.shell:Creating package script '/home/ubuntu/UnencumberedJellyfish/install/drive_base/share/drive_base/package.zsh'
[1.395s] Level 1:colcon.colcon_core.environment:create_file_with_runtime_dependencies(/home/ubuntu/UnencumberedJellyfish/install/drive_base/share/colcon-core/packages/drive_base)
[4.040s] DEBUG:colcon.colcon_core.event_handler.log_command:Invoked command in '/home/ubuntu/UnencumberedJellyfish/build/hardware_comm' returned '2': CMAKE_PREFIX_PATH=/opt/ros/foxy /usr/bin/cmake --build /home/ubuntu/UnencumberedJellyfish/build/hardware_comm -- -j4 -l4
[4.149s] Level 1:colcon.colcon_core.environment:create_environment_scripts_only(hardware_comm)
[4.153s] Level 1:colcon.colcon_core.environment:checking '/home/ubuntu/UnencumberedJellyfish/install/hardware_comm' for CMake module files
[4.155s] Level 1:colcon.colcon_core.environment:checking '/home/ubuntu/UnencumberedJellyfish/install/hardware_comm' for CMake config files
[4.156s] Level 1:colcon.colcon_core.environment:checking '/home/ubuntu/UnencumberedJellyfish/install/hardware_comm/bin'
[4.157s] Level 1:colcon.colcon_core.environment:checking '/home/ubuntu/UnencumberedJellyfish/install/hardware_comm/lib/pkgconfig/hardware_comm.pc'
[4.157s] Level 1:colcon.colcon_core.environment:checking '/home/ubuntu/UnencumberedJellyfish/install/hardware_comm/lib/python3.8/site-packages'
[4.159s] INFO:colcon.colcon_core.shell:Creating package script '/home/ubuntu/UnencumberedJellyfish/install/hardware_comm/share/hardware_comm/package.ps1'
[4.161s] INFO:colcon.colcon_core.shell:Creating package descriptor '/home/ubuntu/UnencumberedJellyfish/install/hardware_comm/share/hardware_comm/package.dsv'
[4.163s] INFO:colcon.colcon_core.shell:Creating package script '/home/ubuntu/UnencumberedJellyfish/install/hardware_comm/share/hardware_comm/package.sh'
[4.165s] INFO:colcon.colcon_core.shell:Creating package script '/home/ubuntu/UnencumberedJellyfish/install/hardware_comm/share/hardware_comm/package.bash'
[4.167s] INFO:colcon.colcon_core.shell:Creating package script '/home/ubuntu/UnencumberedJellyfish/install/hardware_comm/share/hardware_comm/package.zsh'
[4.168s] Level 1:colcon.colcon_core.environment:create_file_with_runtime_dependencies(/home/ubuntu/UnencumberedJellyfish/install/hardware_comm/share/colcon-core/packages/hardware_comm)
[4.170s] DEBUG:colcon.colcon_parallel_executor.executor.parallel:closing loop
[4.171s] DEBUG:colcon.colcon_parallel_executor.executor.parallel:loop closed
[4.171s] DEBUG:colcon.colcon_parallel_executor.executor.parallel:run_until_complete finished with '2'
[4.172s] DEBUG:colcon.colcon_core.event_reactor:joining thread
[4.194s] INFO:colcon.colcon_core.plugin_system:Skipping extension 'colcon_notification.desktop_notification.notify_send': Could not find 'notify-send'
[4.194s] INFO:colcon.colcon_core.plugin_system:Skipping extension 'colcon_notification.desktop_notification.terminal_notifier': Not used on non-Darwin systems
[4.195s] INFO:colcon.colcon_core.plugin_system:Skipping extension 'colcon_notification.desktop_notification.win32': Not used on non-Windows systems
[4.195s] INFO:colcon.colcon_notification.desktop_notification:Sending desktop notification using 'notify2'
[4.197s] DEBUG:colcon.colcon_notification.desktop_notification.notify2:Failed to initialize notify2: org.freedesktop.DBus.Error.ServiceUnknown: The name org.freedesktop.Notifications was not provided by any .service files
[4.198s] DEBUG:colcon.colcon_core.event_reactor:joined thread
[4.200s] INFO:colcon.colcon_core.shell:Creating prefix script '/home/ubuntu/UnencumberedJellyfish/install/local_setup.ps1'
[4.203s] INFO:colcon.colcon_core.shell:Creating prefix util module '/home/ubuntu/UnencumberedJellyfish/install/_local_setup_util_ps1.py'
[4.209s] INFO:colcon.colcon_core.shell:Creating prefix chain script '/home/ubuntu/UnencumberedJellyfish/install/setup.ps1'
[4.213s] INFO:colcon.colcon_core.shell:Creating prefix script '/home/ubuntu/UnencumberedJellyfish/install/local_setup.sh'
[4.215s] INFO:colcon.colcon_core.shell:Creating prefix util module '/home/ubuntu/UnencumberedJellyfish/install/_local_setup_util_sh.py'
[4.217s] INFO:colcon.colcon_core.shell:Creating prefix chain script '/home/ubuntu/UnencumberedJellyfish/install/setup.sh'
[4.222s] INFO:colcon.colcon_core.shell:Creating prefix script '/home/ubuntu/UnencumberedJellyfish/install/local_setup.bash'
[4.224s] INFO:colcon.colcon_core.shell:Creating prefix chain script '/home/ubuntu/UnencumberedJellyfish/install/setup.bash'
[4.229s] INFO:colcon.colcon_core.shell:Creating prefix script '/home/ubuntu/UnencumberedJellyfish/install/local_setup.zsh'
[4.231s] INFO:colcon.colcon_core.shell:Creating prefix chain script '/home/ubuntu/UnencumberedJellyfish/install/setup.zsh'
