[0.068s] Invoking command in '/home/ubuntu/UnencumberedJellyfish/build/drive_base': CMAKE_PREFIX_PATH=/opt/ros/foxy /usr/bin/cmake --build /home/ubuntu/UnencumberedJellyfish/build/drive_base -- -j4 -l4
[0.234s] Invoked command in '/home/ubuntu/UnencumberedJellyfish/build/drive_base' returned '0': CMAKE_PREFIX_PATH=/opt/ros/foxy /usr/bin/cmake --build /home/ubuntu/UnencumberedJellyfish/build/drive_base -- -j4 -l4
[0.378s] Invoking command in '/home/ubuntu/UnencumberedJellyfish/build/drive_base': CMAKE_PREFIX_PATH=/opt/ros/foxy /usr/bin/cmake --install /home/ubuntu/UnencumberedJellyfish/build/drive_base
[0.413s] -- Install configuration: ""
[0.414s] -- Installing: /home/ubuntu/UnencumberedJellyfish/install/drive_base/share/ament_index/resource_index/package_run_dependencies/drive_base
[0.416s] -- Installing: /home/ubuntu/UnencumberedJellyfish/install/drive_base/share/ament_index/resource_index/parent_prefix_path/drive_base
[0.417s] -- Installing: /home/ubuntu/UnencumberedJellyfish/install/drive_base/share/drive_base/environment/ament_prefix_path.sh
[0.419s] -- Installing: /home/ubuntu/UnencumberedJellyfish/install/drive_base/share/drive_base/environment/ament_prefix_path.dsv
[0.420s] -- Installing: /home/ubuntu/UnencumberedJellyfish/install/drive_base/share/drive_base/environment/path.sh
[0.421s] -- Installing: /home/ubuntu/UnencumberedJellyfish/install/drive_base/share/drive_base/environment/path.dsv
[0.422s] -- Installing: /home/ubuntu/UnencumberedJellyfish/install/drive_base/share/drive_base/local_setup.bash
[0.424s] -- Installing: /home/ubuntu/UnencumberedJellyfish/install/drive_base/share/drive_base/local_setup.sh
[0.425s] -- Installing: /home/ubuntu/UnencumberedJellyfish/install/drive_base/share/drive_base/local_setup.zsh
[0.426s] -- Installing: /home/ubuntu/UnencumberedJellyfish/install/drive_base/share/drive_base/local_setup.dsv
[0.427s] -- Installing: /home/ubuntu/UnencumberedJellyfish/install/drive_base/share/drive_base/package.dsv
[0.429s] -- Installing: /home/ubuntu/UnencumberedJellyfish/install/drive_base/share/ament_index/resource_index/packages/drive_base
[0.430s] -- Installing: /home/ubuntu/UnencumberedJellyfish/install/drive_base/share/drive_base/cmake/drive_baseConfig.cmake
[0.431s] -- Installing: /home/ubuntu/UnencumberedJellyfish/install/drive_base/share/drive_base/cmake/drive_baseConfig-version.cmake
[0.433s] -- Installing: /home/ubuntu/UnencumberedJellyfish/install/drive_base/share/drive_base/package.xml
[0.441s] Invoked command in '/home/ubuntu/UnencumberedJellyfish/build/drive_base' returned '0': CMAKE_PREFIX_PATH=/opt/ros/foxy /usr/bin/cmake --install /home/ubuntu/UnencumberedJellyfish/build/drive_base
