[0.064s] Invoking command in '/home/ubuntu/UnencumberedJellyfish/build/hardware_comm': CMAKE_PREFIX_PATH=/opt/ros/foxy /usr/bin/cmake /home/ubuntu/UnencumberedJellyfish/Code/hardware_comm -DCMAKE_INSTALL_PREFIX=/home/ubuntu/UnencumberedJellyfish/install/hardware_comm
[1.222s] -- The C compiler identification is GNU 9.3.0
[2.034s] -- The CXX compiler identification is GNU 9.3.0
[2.071s] -- Check for working C compiler: /usr/bin/cc
[2.407s] -- Check for working C compiler: /usr/bin/cc -- works
[2.415s] -- Detecting C compiler ABI info
[2.728s] -- Detecting C compiler ABI info - done
[2.770s] -- Detecting C compile features
[2.772s] -- Detecting C compile features - done
[2.785s] -- Check for working CXX compiler: /usr/bin/c++
[3.180s] -- Check for working CXX compiler: /usr/bin/c++ -- works
[3.184s] -- Detecting CXX compiler ABI info
[3.538s] -- Detecting CXX compiler ABI info - done
[3.579s] -- Detecting CXX compile features
[3.581s] -- Detecting CXX compile features - done
[3.621s] -- Found ament_cmake: 0.9.9 (/opt/ros/foxy/share/ament_cmake/cmake)
[3.773s] -- Found PythonInterp: /usr/bin/python3 (found suitable version "3.8.10", minimum required is "3") 
[3.774s] -- Using PYTHON_EXECUTABLE: /usr/bin/python3
[4.779s] CMake Error at /opt/ros/foxy/share/ament_cmake_target_dependencies/cmake/ament_target_dependencies.cmake:77 (message):
[4.779s]   ament_target_dependencies() the passed package name 'rclcpp' was not found
[4.779s]   before
[4.780s] Call Stack (most recent call first):
[4.780s]   CMakeLists.txt:25 (ament_target_dependencies)
[4.780s] 
[4.781s] 
[4.784s] -- Configuring incomplete, errors occurred!
[4.784s] See also "/home/ubuntu/UnencumberedJellyfish/build/hardware_comm/CMakeFiles/CMakeOutput.log".
[4.797s] Invoked command in '/home/ubuntu/UnencumberedJellyfish/build/hardware_comm' returned '1': CMAKE_PREFIX_PATH=/opt/ros/foxy /usr/bin/cmake /home/ubuntu/UnencumberedJellyfish/Code/hardware_comm -DCMAKE_INSTALL_PREFIX=/home/ubuntu/UnencumberedJellyfish/install/hardware_comm
