[0.067s] Invoking command in '/home/ubuntu/UnencumberedJellyfish/build/drive_base': CMAKE_PREFIX_PATH=/opt/ros/foxy /usr/bin/cmake --build /home/ubuntu/UnencumberedJellyfish/build/drive_base -- -j4 -l4
[0.228s] Invoked command in '/home/ubuntu/UnencumberedJellyfish/build/drive_base' returned '0': CMAKE_PREFIX_PATH=/opt/ros/foxy /usr/bin/cmake --build /home/ubuntu/UnencumberedJellyfish/build/drive_base -- -j4 -l4
[0.369s] Invoking command in '/home/ubuntu/UnencumberedJellyfish/build/drive_base': CMAKE_PREFIX_PATH=/opt/ros/foxy /usr/bin/cmake --install /home/ubuntu/UnencumberedJellyfish/build/drive_base
[0.404s] -- Install configuration: ""
[0.405s] -- Up-to-date: /home/ubuntu/UnencumberedJellyfish/install/drive_base/share/ament_index/resource_index/package_run_dependencies/drive_base
[0.405s] -- Up-to-date: /home/ubuntu/UnencumberedJellyfish/install/drive_base/share/ament_index/resource_index/parent_prefix_path/drive_base
[0.407s] -- Up-to-date: /home/ubuntu/UnencumberedJellyfish/install/drive_base/share/drive_base/environment/ament_prefix_path.sh
[0.408s] -- Up-to-date: /home/ubuntu/UnencumberedJellyfish/install/drive_base/share/drive_base/environment/ament_prefix_path.dsv
[0.408s] -- Up-to-date: /home/ubuntu/UnencumberedJellyfish/install/drive_base/share/drive_base/environment/path.sh
[0.409s] -- Up-to-date: /home/ubuntu/UnencumberedJellyfish/install/drive_base/share/drive_base/environment/path.dsv
[0.409s] -- Up-to-date: /home/ubuntu/UnencumberedJellyfish/install/drive_base/share/drive_base/local_setup.bash
[0.410s] -- Up-to-date: /home/ubuntu/UnencumberedJellyfish/install/drive_base/share/drive_base/local_setup.sh
[0.410s] -- Up-to-date: /home/ubuntu/UnencumberedJellyfish/install/drive_base/share/drive_base/local_setup.zsh
[0.411s] -- Up-to-date: /home/ubuntu/UnencumberedJellyfish/install/drive_base/share/drive_base/local_setup.dsv
[0.411s] -- Installing: /home/ubuntu/UnencumberedJellyfish/install/drive_base/share/drive_base/package.dsv
[0.412s] -- Up-to-date: /home/ubuntu/UnencumberedJellyfish/install/drive_base/share/ament_index/resource_index/packages/drive_base
[0.413s] -- Up-to-date: /home/ubuntu/UnencumberedJellyfish/install/drive_base/share/drive_base/cmake/drive_baseConfig.cmake
[0.413s] -- Up-to-date: /home/ubuntu/UnencumberedJellyfish/install/drive_base/share/drive_base/cmake/drive_baseConfig-version.cmake
[0.414s] -- Up-to-date: /home/ubuntu/UnencumberedJellyfish/install/drive_base/share/drive_base/package.xml
[0.420s] Invoked command in '/home/ubuntu/UnencumberedJellyfish/build/drive_base' returned '0': CMAKE_PREFIX_PATH=/opt/ros/foxy /usr/bin/cmake --install /home/ubuntu/UnencumberedJellyfish/build/drive_base
