[0.068s] Invoking command in '/home/ubuntu/UnencumberedJellyfish/build/drive_base': CMAKE_PREFIX_PATH=/opt/ros/foxy /usr/bin/cmake --build /home/ubuntu/UnencumberedJellyfish/build/drive_base -- -j4 -l4
[0.226s] Invoked command in '/home/ubuntu/UnencumberedJellyfish/build/drive_base' returned '0': CMAKE_PREFIX_PATH=/opt/ros/foxy /usr/bin/cmake --build /home/ubuntu/UnencumberedJellyfish/build/drive_base -- -j4 -l4
[0.355s] Invoking command in '/home/ubuntu/UnencumberedJellyfish/build/drive_base': CMAKE_PREFIX_PATH=/opt/ros/foxy /usr/bin/cmake --install /home/ubuntu/UnencumberedJellyfish/build/drive_base
[0.388s] -- Install configuration: ""
[0.388s] -- Up-to-date: /home/ubuntu/UnencumberedJellyfish/install/drive_base/share/ament_index/resource_index/package_run_dependencies/drive_base
[0.389s] -- Up-to-date: /home/ubuntu/UnencumberedJellyfish/install/drive_base/share/ament_index/resource_index/parent_prefix_path/drive_base
[0.389s] -- Up-to-date: /home/ubuntu/UnencumberedJellyfish/install/drive_base/share/drive_base/environment/ament_prefix_path.sh
[0.390s] -- Up-to-date: /home/ubuntu/UnencumberedJellyfish/install/drive_base/share/drive_base/environment/ament_prefix_path.dsv
[0.390s] -- Up-to-date: /home/ubuntu/UnencumberedJellyfish/install/drive_base/share/drive_base/environment/path.sh
[0.391s] -- Up-to-date: /home/ubuntu/UnencumberedJellyfish/install/drive_base/share/drive_base/environment/path.dsv
[0.391s] -- Up-to-date: /home/ubuntu/UnencumberedJellyfish/install/drive_base/share/drive_base/local_setup.bash
[0.392s] -- Up-to-date: /home/ubuntu/UnencumberedJellyfish/install/drive_base/share/drive_base/local_setup.sh
[0.392s] -- Up-to-date: /home/ubuntu/UnencumberedJellyfish/install/drive_base/share/drive_base/local_setup.zsh
[0.393s] -- Up-to-date: /home/ubuntu/UnencumberedJellyfish/install/drive_base/share/drive_base/local_setup.dsv
[0.393s] -- Installing: /home/ubuntu/UnencumberedJellyfish/install/drive_base/share/drive_base/package.dsv
[0.394s] -- Up-to-date: /home/ubuntu/UnencumberedJellyfish/install/drive_base/share/ament_index/resource_index/packages/drive_base
[0.394s] -- Up-to-date: /home/ubuntu/UnencumberedJellyfish/install/drive_base/share/drive_base/cmake/drive_baseConfig.cmake
[0.395s] -- Up-to-date: /home/ubuntu/UnencumberedJellyfish/install/drive_base/share/drive_base/cmake/drive_baseConfig-version.cmake
[0.395s] -- Up-to-date: /home/ubuntu/UnencumberedJellyfish/install/drive_base/share/drive_base/package.xml
[0.402s] Invoked command in '/home/ubuntu/UnencumberedJellyfish/build/drive_base' returned '0': CMAKE_PREFIX_PATH=/opt/ros/foxy /usr/bin/cmake --install /home/ubuntu/UnencumberedJellyfish/build/drive_base
