[0.069s] Invoking command in '/home/ubuntu/UnencumberedJellyfish/build/hardware_comm': CMAKE_PREFIX_PATH=/opt/ros/foxy /usr/bin/cmake --build /home/ubuntu/UnencumberedJellyfish/build/hardware_comm -- -j4 -l4
[0.289s] make[2]: *** No rule to make target '/home/ubuntu/UnencumberedJellyfish/Code/hardware_comm/src/bno055/Adafruit_Sensor.cpp', needed by 'CMakeFiles/hardware_comm.dir/src/bno055/Adafruit_Sensor.cpp.o'.  Stop.
[0.290s] make[2]: *** Waiting for unfinished jobs....
[0.318s] [ 20%] [32mBuilding CXX object CMakeFiles/hardware_comm.dir/src/hardware_comm.cpp.o[0m
[5.726s] In file included from [01m[K/home/ubuntu/UnencumberedJellyfish/Code/hardware_comm/include/bno005/utility/imumaths.h:27[m[K,
[5.727s]                  from [01m[K/home/ubuntu/UnencumberedJellyfish/Code/hardware_comm/include/bno005/Jims_BNO055.h:25[m[K,
[5.727s]                  from [01m[K/home/ubuntu/UnencumberedJellyfish/Code/hardware_comm/include/hardware_comm.hpp:11[m[K,
[5.727s]                  from [01m[K/home/ubuntu/UnencumberedJellyfish/Code/hardware_comm/src/hardware_comm.cpp:1[m[K:
[5.728s] [01m[K/home/ubuntu/UnencumberedJellyfish/Code/hardware_comm/include/bno005/utility/matrix.h:183:2:[m[K [01;35m[Kwarning: [m[Kextra ‘[01m[K;[m[K’ [[01;35m[K-Wpedantic[m[K]
[5.728s]   183 | }[01;35m[K;[m[K // namespace imu
[5.729s]       |  [01;35m[K^[m[K
[5.754s] In file included from [01m[K/home/ubuntu/UnencumberedJellyfish/Code/hardware_comm/include/hardware_comm.hpp:11[m[K,
[5.755s]                  from [01m[K/home/ubuntu/UnencumberedJellyfish/Code/hardware_comm/src/hardware_comm.cpp:1[m[K:
[5.756s] [01m[K/home/ubuntu/UnencumberedJellyfish/Code/hardware_comm/include/bno005/Jims_BNO055.h:299:17:[m[K [01;31m[Kerror: [m[K‘[01m[Ksensors_event_t[m[K’ has not been declared
[5.756s]   299 |   bool getEvent([01;31m[Ksensors_event_t[m[K *);
[5.756s]       |                 [01;31m[K^~~~~~~~~~~~~~~[m[K
[5.757s] [01m[K/home/ubuntu/UnencumberedJellyfish/Code/hardware_comm/include/bno005/Jims_BNO055.h:300:17:[m[K [01;31m[Kerror: [m[K‘[01m[Ksensors_event_t[m[K’ has not been declared
[5.757s]   300 |   bool getEvent([01;31m[Ksensors_event_t[m[K *, adafruit_vector_type_t);
[5.758s]       |                 [01;31m[K^~~~~~~~~~~~~~~[m[K
[5.758s] [01m[K/home/ubuntu/UnencumberedJellyfish/Code/hardware_comm/include/bno005/Jims_BNO055.h:301:18:[m[K [01;31m[Kerror: [m[K‘[01m[Ksensor_t[m[K’ has not been declared
[5.758s]   301 |   void getSensor([01;31m[Ksensor_t[m[K *);
[5.759s]       |                  [01;31m[K^~~~~~~~[m[K
[5.759s] In file included from [01m[K/home/ubuntu/UnencumberedJellyfish/Code/hardware_comm/src/hardware_comm.cpp:1[m[K:
[5.759s] [01m[K/home/ubuntu/UnencumberedJellyfish/Code/hardware_comm/include/hardware_comm.hpp:22:20:[m[K [01;31m[Kerror: [m[KISO C++ forbids declaration of ‘[01m[KMinimalPublisher[m[K’ with no type [[01;31m[K-fpermissive[m[K]
[5.760s]    22 |   MinimalPublisher([01;31m[K)[m[K;
[5.760s]       |                    [01;31m[K^[m[K
[5.781s] [01m[K/home/ubuntu/UnencumberedJellyfish/Code/hardware_comm/src/hardware_comm.cpp:5:32:[m[K [01;31m[Kerror: [m[KISO C++ forbids declaration of ‘[01m[KMinimalPublisher[m[K’ with no type [[01;31m[K-fpermissive[m[K]
[5.781s]     5 | HardwareComm::MinimalPublisher([01;31m[K)[m[K
[5.782s]       |                                [01;31m[K^[m[K
[5.782s] [01m[K/home/ubuntu/UnencumberedJellyfish/Code/hardware_comm/src/hardware_comm.cpp:[m[K In member function ‘[01m[Kint HardwareComm::MinimalPublisher()[m[K’:
[5.783s] [01m[K/home/ubuntu/UnencumberedJellyfish/Code/hardware_comm/src/hardware_comm.cpp:6:5:[m[K [01;31m[Kerror: [m[Konly constructors take member initializers
[5.783s]     6 |   : [01;31m[KNode[m[K("hardware_comm"), count_(0)
[5.783s]       |     [01;31m[K^~~~[m[K
[5.784s] [01m[K/home/ubuntu/UnencumberedJellyfish/Code/hardware_comm/src/hardware_comm.cpp:6:28:[m[K [01;31m[Kerror: [m[Kclass ‘[01m[KHardwareComm[m[K’ does not have any field named ‘[01m[Kcount_[m[K’
[5.784s]     6 |   : Node("hardware_comm"), [01;31m[Kcount_[m[K(0)
[5.785s]       |                            [01;31m[K^~~~~~[m[K
[5.786s] [01m[K/home/ubuntu/UnencumberedJellyfish/Code/hardware_comm/src/hardware_comm.cpp:10:53:[m[K [01;31m[Kerror: [m[K‘[01m[KMinimalPublisher[m[K’ is not a class, namespace, or enumeration
[5.786s]    10 |   mTimer = this->create_wall_timer(20ms, std::bind(&[01;31m[KMinimalPublisher[m[K::timerCallback, this));
[5.787s]       |                                                     [01;31m[K^~~~~~~~~~~~~~~~[m[K
[5.791s] [01m[K/home/ubuntu/UnencumberedJellyfish/Code/hardware_comm/src/hardware_comm.cpp:13:7:[m[K [01;31m[Kerror: [m[K‘[01m[Kbno[m[K’ was not declared in this scope
[5.791s]    13 |   if(![01;31m[Kbno[m[K.begin())
[5.792s]       |       [01;31m[K^~~[m[K
[5.795s] [01m[K/home/ubuntu/UnencumberedJellyfish/Code/hardware_comm/src/hardware_comm.cpp:19:13:[m[K [01;31m[Kerror: [m[K‘[01m[Kmilliseconds[m[K’ was not declared in this scope; did you mean ‘[01m[Kstd::chrono::milliseconds[m[K’?
[5.795s]    19 |   sleep_for([01;31m[Kmilliseconds[m[K(1000));
[5.796s]       |             [01;31m[K^~~~~~~~~~~~[m[K
[5.797s]       |             [32m[Kstd::chrono::milliseconds[m[K
[5.798s] In file included from [01m[K/home/ubuntu/UnencumberedJellyfish/Code/hardware_comm/include/hardware_comm.hpp:5[m[K,
[5.799s]                  from [01m[K/home/ubuntu/UnencumberedJellyfish/Code/hardware_comm/src/hardware_comm.cpp:1[m[K:
[5.800s] [01m[K/usr/include/c++/9/chrono:611:59:[m[K [01;36m[Knote: [m[K‘[01m[Kstd::chrono::milliseconds[m[K’ declared here
[5.800s]   611 |     typedef duration<_GLIBCXX_CHRONO_INT64_T, milli>      [01;36m[Kmilliseconds[m[K;
[5.801s]       |                                                           [01;36m[K^~~~~~~~~~~~[m[K
[5.801s] [01m[K/home/ubuntu/UnencumberedJellyfish/Code/hardware_comm/src/hardware_comm.cpp:19:3:[m[K [01;31m[Kerror: [m[K‘[01m[Ksleep_for[m[K’ was not declared in this scope
[5.802s]    19 |   [01;31m[Ksleep_for[m[K(milliseconds(1000));
[5.803s]       |   [01;31m[K^~~~~~~~~[m[K
[5.803s] [01m[K/home/ubuntu/UnencumberedJellyfish/Code/hardware_comm/src/hardware_comm.cpp:19:3:[m[K [01;36m[Knote: [m[Ksuggested alternatives:
[5.804s] In file included from [01m[K/opt/ros/foxy/include/rclcpp/client.hpp:36[m[K,
[5.804s]                  from [01m[K/opt/ros/foxy/include/rclcpp/callback_group.hpp:23[m[K,
[5.805s]                  from [01m[K/opt/ros/foxy/include/rclcpp/any_executable.hpp:20[m[K,
[5.806s]                  from [01m[K/opt/ros/foxy/include/rclcpp/memory_strategy.hpp:24[m[K,
[5.807s]                  from [01m[K/opt/ros/foxy/include/rclcpp/memory_strategies.hpp:18[m[K,
[5.807s]                  from [01m[K/opt/ros/foxy/include/rclcpp/executor_options.hpp:20[m[K,
[5.808s]                  from [01m[K/opt/ros/foxy/include/rclcpp/executor.hpp:33[m[K,
[5.808s]                  from [01m[K/opt/ros/foxy/include/rclcpp/executors/multi_threaded_executor.hpp:26[m[K,
[5.809s]                  from [01m[K/opt/ros/foxy/include/rclcpp/executors.hpp:21[m[K,
[5.810s]                  from [01m[K/opt/ros/foxy/include/rclcpp/rclcpp.hpp:146[m[K,
[5.810s]                  from [01m[K/home/ubuntu/UnencumberedJellyfish/Code/hardware_comm/include/hardware_comm.hpp:9[m[K,
[5.811s]                  from [01m[K/home/ubuntu/UnencumberedJellyfish/Code/hardware_comm/src/hardware_comm.cpp:1[m[K:
[5.811s] [01m[K/opt/ros/foxy/include/rclcpp/utilities.hpp:215:1:[m[K [01;36m[Knote: [m[K  ‘[01m[Krclcpp::sleep_for[m[K’
[5.812s]   215 | [01;36m[Ksleep_for[m[K(
[5.812s]       | [01;36m[K^~~~~~~~~[m[K
[5.812s] In file included from [01m[K/usr/include/c++/9/future:39[m[K,
[5.813s]                  from [01m[K/opt/ros/foxy/include/rclcpp/executors.hpp:18[m[K,
[5.813s]                  from [01m[K/opt/ros/foxy/include/rclcpp/rclcpp.hpp:146[m[K,
[5.814s]                  from [01m[K/home/ubuntu/UnencumberedJellyfish/Code/hardware_comm/include/hardware_comm.hpp:9[m[K,
[5.814s]                  from [01m[K/home/ubuntu/UnencumberedJellyfish/Code/hardware_comm/src/hardware_comm.cpp:1[m[K:
[5.815s] [01m[K/usr/include/c++/9/thread:366:7:[m[K [01;36m[Knote: [m[K  ‘[01m[Kstd::this_thread::sleep_for[m[K’
[5.815s]   366 |       [01;36m[Ksleep_for[m[K(const chrono::duration<_Rep, _Period>& __rtime)
[5.815s]       |       [01;36m[K^~~~~~~~~[m[K
[5.816s] [01m[K/home/ubuntu/UnencumberedJellyfish/Code/hardware_comm/src/hardware_comm.cpp:22:17:[m[K [01;31m[Kerror: [m[K‘[01m[Kbno[m[K’ was not declared in this scope
[5.816s]    22 |   int8_t temp = [01;31m[Kbno[m[K.getTemp();
[5.816s]       |                 [01;31m[K^~~[m[K
[5.817s] [01m[K/home/ubuntu/UnencumberedJellyfish/Code/hardware_comm/src/hardware_comm.cpp:27:1:[m[K [01;35m[Kwarning: [m[Kno return statement in function returning non-void [[01;35m[K-Wreturn-type[m[K]
[5.817s]    27 | [01;35m[K}[m[K
[5.818s]       | [01;35m[K^[m[K
[5.818s] [01m[K/home/ubuntu/UnencumberedJellyfish/Code/hardware_comm/src/hardware_comm.cpp:[m[K In member function ‘[01m[Kvoid HardwareComm::timerCallback()[m[K’:
[5.818s] [01m[K/home/ubuntu/UnencumberedJellyfish/Code/hardware_comm/src/hardware_comm.cpp:33:18:[m[K [01;31m[Kerror: [m[K‘[01m[Kusing _header_type = struct std_msgs::msg::Header_<std::allocator<void> >[m[K’ {aka ‘[01m[Kstruct std_msgs::msg::Header_<std::allocator<void> >[m[K’} has no member named ‘[01m[Kseq[m[K’
[5.819s]    33 |   message.header.[01;31m[Kseq[m[K = mCount;
[5.819s]       |                  [01;31m[K^~~[m[K
[5.820s] [01m[K/home/ubuntu/UnencumberedJellyfish/Code/hardware_comm/src/hardware_comm.cpp:37:26:[m[K [01;31m[Kerror: [m[K‘[01m[Kbno[m[K’ was not declared in this scope
[5.820s]    37 |   imu::Quaternion quat = [01;31m[Kbno[m[K.getQuat();
[5.820s]       |                          [01;31m[K^~~[m[K
[7.263s] In file included from [01m[K/usr/include/aarch64-linux-gnu/c++/9/bits/c++allocator.h:33[m[K,
[7.264s]                  from [01m[K/usr/include/c++/9/bits/allocator.h:46[m[K,
[7.264s]                  from [01m[K/usr/include/c++/9/memory:63[m[K,
[7.265s]                  from [01m[K/home/ubuntu/UnencumberedJellyfish/Code/hardware_comm/include/hardware_comm.hpp:6[m[K,
[7.265s]                  from [01m[K/home/ubuntu/UnencumberedJellyfish/Code/hardware_comm/src/hardware_comm.cpp:1[m[K:
[7.266s] /usr/include/c++/9/ext/new_allocator.h: In instantiation of ‘[01m[Kvoid __gnu_cxx::new_allocator<_Tp>::construct(_Up*, _Args&& ...) [with _Up = HardwareComm; _Args = {}; _Tp = HardwareComm][m[K’:
[7.266s] [01m[K/usr/include/c++/9/bits/alloc_traits.h:482:2:[m[K   required from ‘[01m[Kstatic void std::allocator_traits<std::allocator<_Tp1> >::construct(std::allocator_traits<std::allocator<_Tp1> >::allocator_type&, _Up*, _Args&& ...) [with _Up = HardwareComm; _Args = {}; _Tp = HardwareComm; std::allocator_traits<std::allocator<_Tp1> >::allocator_type = std::allocator<HardwareComm>][m[K’
[7.267s] [01m[K/usr/include/c++/9/bits/shared_ptr_base.h:548:39:[m[K   required from ‘[01m[Kstd::_Sp_counted_ptr_inplace<_Tp, _Alloc, _Lp>::_Sp_counted_ptr_inplace(_Alloc, _Args&& ...) [with _Args = {}; _Tp = HardwareComm; _Alloc = std::allocator<HardwareComm>; __gnu_cxx::_Lock_policy _Lp = __gnu_cxx::_S_atomic][m[K’
[7.267s] [01m[K/usr/include/c++/9/bits/shared_ptr_base.h:679:16:[m[K   required from ‘[01m[Kstd::__shared_count<_Lp>::__shared_count(_Tp*&, std::_Sp_alloc_shared_tag<_Alloc>, _Args&& ...) [with _Tp = HardwareComm; _Alloc = std::allocator<HardwareComm>; _Args = {}; __gnu_cxx::_Lock_policy _Lp = __gnu_cxx::_S_atomic][m[K’
[7.268s] [01m[K/usr/include/c++/9/bits/shared_ptr_base.h:1344:71:[m[K   required from ‘[01m[Kstd::__shared_ptr<_Tp, _Lp>::__shared_ptr(std::_Sp_alloc_shared_tag<_Tp>, _Args&& ...) [with _Alloc = std::allocator<HardwareComm>; _Args = {}; _Tp = HardwareComm; __gnu_cxx::_Lock_policy _Lp = __gnu_cxx::_S_atomic][m[K’
[7.268s] [01m[K/usr/include/c++/9/bits/shared_ptr.h:359:59:[m[K   required from ‘[01m[Kstd::shared_ptr<_Tp>::shared_ptr(std::_Sp_alloc_shared_tag<_Tp>, _Args&& ...) [with _Alloc = std::allocator<HardwareComm>; _Args = {}; _Tp = HardwareComm][m[K’
[7.269s] [01m[K/usr/include/c++/9/bits/shared_ptr.h:701:14:[m[K   required from ‘[01m[Kstd::shared_ptr<_Tp> std::allocate_shared(const _Alloc&, _Args&& ...) [with _Tp = HardwareComm; _Alloc = std::allocator<HardwareComm>; _Args = {}][m[K’
[7.269s] [01m[K/usr/include/c++/9/bits/shared_ptr.h:717:39:[m[K   required from ‘[01m[Kstd::shared_ptr<_Tp> std::make_shared(_Args&& ...) [with _Tp = HardwareComm; _Args = {}][m[K’
[7.269s] [01m[K/home/ubuntu/UnencumberedJellyfish/Code/hardware_comm/src/hardware_comm.cpp:59:47:[m[K   required from here
[7.270s] [01m[K/usr/include/c++/9/ext/new_allocator.h:145:20:[m[K [01;31m[Kerror: [m[Kuse of deleted function ‘[01m[KHardwareComm::HardwareComm()[m[K’
[7.270s]   145 |  noexcept(noexcept([01;31m[K::new((void *)__p)[m[K
[7.271s]       |                    [01;31m[K^~~~~~~~~~~~~~~~~~[m[K
[7.271s]   146 | [01;31m[K       _Up(std::forward<_Args>(__args)...)[m[K))
[7.272s]       |        [01;31m[K~~~~~~~~~~~~~~~~~~~~~~~~~~~~~~~~~~~[m[K
[7.272s] In file included from [01m[K/home/ubuntu/UnencumberedJellyfish/Code/hardware_comm/src/hardware_comm.cpp:1[m[K:
[7.272s] [01m[K/home/ubuntu/UnencumberedJellyfish/Code/hardware_comm/include/hardware_comm.hpp:19:7:[m[K [01;36m[Knote: [m[K‘[01m[KHardwareComm::HardwareComm()[m[K’ is implicitly deleted because the default definition would be ill-formed:
[7.273s]    19 | class [01;36m[KHardwareComm[m[K : public rclcpp::Node
[7.273s]       |       [01;36m[K^~~~~~~~~~~~[m[K
[7.274s] [01m[K/home/ubuntu/UnencumberedJellyfish/Code/hardware_comm/include/hardware_comm.hpp:19:7:[m[K [01;31m[Kerror: [m[Kno matching function for call to ‘[01m[Krclcpp::Node::Node()[m[K’
[7.274s] In file included from [01m[K/opt/ros/foxy/include/rclcpp/executors/single_threaded_executor.hpp:28[m[K,
[7.275s]                  from [01m[K/opt/ros/foxy/include/rclcpp/executors.hpp:22[m[K,
[7.275s]                  from [01m[K/opt/ros/foxy/include/rclcpp/rclcpp.hpp:146[m[K,
[7.275s]                  from [01m[K/home/ubuntu/UnencumberedJellyfish/Code/hardware_comm/include/hardware_comm.hpp:9[m[K,
[7.276s]                  from [01m[K/home/ubuntu/UnencumberedJellyfish/Code/hardware_comm/src/hardware_comm.cpp:1[m[K:
[7.276s] [01m[K/opt/ros/foxy/include/rclcpp/node.hpp:1193:3:[m[K [01;36m[Knote: [m[Kcandidate: ‘[01m[Krclcpp::Node::Node(const rclcpp::Node&, const string&)[m[K’
[7.277s]  1193 |   [01;36m[KNode[m[K(
[7.277s]       |   [01;36m[K^~~~[m[K
[7.277s] [01m[K/opt/ros/foxy/include/rclcpp/node.hpp:1193:3:[m[K [01;36m[Knote: [m[K  candidate expects 2 arguments, 0 provided
[7.278s] [01m[K/opt/ros/foxy/include/rclcpp/node.hpp:98:12:[m[K [01;36m[Knote: [m[Kcandidate: ‘[01m[Krclcpp::Node::Node(const string&, const string&, const rclcpp::NodeOptions&)[m[K’
[7.278s]    98 |   explicit [01;36m[KNode[m[K(
[7.279s]       |            [01;36m[K^~~~[m[K
[7.279s] [01m[K/opt/ros/foxy/include/rclcpp/node.hpp:98:12:[m[K [01;36m[Knote: [m[K  candidate expects 3 arguments, 0 provided
[7.279s] [01m[K/opt/ros/foxy/include/rclcpp/node.hpp:86:12:[m[K [01;36m[Knote: [m[Kcandidate: ‘[01m[Krclcpp::Node::Node(const string&, const rclcpp::NodeOptions&)[m[K’
[7.280s]    86 |   explicit [01;36m[KNode[m[K(
[7.280s]       |            [01;36m[K^~~~[m[K
[7.281s] [01m[K/opt/ros/foxy/include/rclcpp/node.hpp:86:12:[m[K [01;36m[Knote: [m[K  candidate expects 2 arguments, 0 provided
[8.768s] make[2]: *** [CMakeFiles/hardware_comm.dir/build.make:63: CMakeFiles/hardware_comm.dir/src/hardware_comm.cpp.o] Error 1
[8.769s] make[1]: *** [CMakeFiles/Makefile2:78: CMakeFiles/hardware_comm.dir/all] Error 2
[8.770s] make: *** [Makefile:141: all] Error 2
[8.775s] Invoked command in '/home/ubuntu/UnencumberedJellyfish/build/hardware_comm' returned '2': CMAKE_PREFIX_PATH=/opt/ros/foxy /usr/bin/cmake --build /home/ubuntu/UnencumberedJellyfish/build/hardware_comm -- -j4 -l4
