[0.068s] Invoking command in '/home/ubuntu/UnencumberedJellyfish/build/hardware_comm': CMAKE_PREFIX_PATH=/opt/ros/foxy /usr/bin/cmake --build /home/ubuntu/UnencumberedJellyfish/build/hardware_comm -- -j4 -l4
[0.243s] [35m[1mScanning dependencies of target hardware_comm[0m
[0.406s] [ 25%] [32mBuilding CXX object CMakeFiles/hardware_comm.dir/src/hardware_comm.cpp.o[0m
[9.190s] [ 50%] [32m[1mLinking CXX executable hardware_comm[0m
[9.717s] [100%] Built target hardware_comm
[9.755s] Invoked command in '/home/ubuntu/UnencumberedJellyfish/build/hardware_comm' returned '0': CMAKE_PREFIX_PATH=/opt/ros/foxy /usr/bin/cmake --build /home/ubuntu/UnencumberedJellyfish/build/hardware_comm -- -j4 -l4
[9.872s] Invoking command in '/home/ubuntu/UnencumberedJellyfish/build/hardware_comm': CMAKE_PREFIX_PATH=/opt/ros/foxy /usr/bin/cmake --install /home/ubuntu/UnencumberedJellyfish/build/hardware_comm
[9.903s] -- Install configuration: ""
[9.903s] -- Up-to-date: /home/ubuntu/UnencumberedJellyfish/install/hardware_comm/share/ament_index/resource_index/package_run_dependencies/hardware_comm
[9.904s] -- Up-to-date: /home/ubuntu/UnencumberedJellyfish/install/hardware_comm/share/ament_index/resource_index/parent_prefix_path/hardware_comm
[9.904s] -- Up-to-date: /home/ubuntu/UnencumberedJellyfish/install/hardware_comm/share/hardware_comm/environment/ament_prefix_path.sh
[9.905s] -- Up-to-date: /home/ubuntu/UnencumberedJellyfish/install/hardware_comm/share/hardware_comm/environment/ament_prefix_path.dsv
[9.905s] -- Up-to-date: /home/ubuntu/UnencumberedJellyfish/install/hardware_comm/share/hardware_comm/environment/path.sh
[9.906s] -- Up-to-date: /home/ubuntu/UnencumberedJellyfish/install/hardware_comm/share/hardware_comm/environment/path.dsv
[9.906s] -- Up-to-date: /home/ubuntu/UnencumberedJellyfish/install/hardware_comm/share/hardware_comm/local_setup.bash
[9.907s] -- Up-to-date: /home/ubuntu/UnencumberedJellyfish/install/hardware_comm/share/hardware_comm/local_setup.sh
[9.907s] -- Up-to-date: /home/ubuntu/UnencumberedJellyfish/install/hardware_comm/share/hardware_comm/local_setup.zsh
[9.907s] -- Up-to-date: /home/ubuntu/UnencumberedJellyfish/install/hardware_comm/share/hardware_comm/local_setup.dsv
[9.908s] -- Installing: /home/ubuntu/UnencumberedJellyfish/install/hardware_comm/share/hardware_comm/package.dsv
[9.909s] -- Up-to-date: /home/ubuntu/UnencumberedJellyfish/install/hardware_comm/share/ament_index/resource_index/packages/hardware_comm
[9.909s] -- Up-to-date: /home/ubuntu/UnencumberedJellyfish/install/hardware_comm/share/hardware_comm/cmake/hardware_commConfig.cmake
[9.910s] -- Up-to-date: /home/ubuntu/UnencumberedJellyfish/install/hardware_comm/share/hardware_comm/cmake/hardware_commConfig-version.cmake
[9.910s] -- Up-to-date: /home/ubuntu/UnencumberedJellyfish/install/hardware_comm/share/hardware_comm/package.xml
[9.920s] Invoked command in '/home/ubuntu/UnencumberedJellyfish/build/hardware_comm' returned '0': CMAKE_PREFIX_PATH=/opt/ros/foxy /usr/bin/cmake --install /home/ubuntu/UnencumberedJellyfish/build/hardware_comm
