[0.068s] Invoking command in '/home/ubuntu/UnencumberedJellyfish/build/hardware_comm': CMAKE_PREFIX_PATH=/opt/ros/foxy /usr/bin/cmake --build /home/ubuntu/UnencumberedJellyfish/build/hardware_comm -- -j4 -l4
[0.176s] -- Found ament_cmake: 0.9.9 (/opt/ros/foxy/share/ament_cmake/cmake)
[0.284s] -- Using PYTHON_EXECUTABLE: /usr/bin/python3
[1.006s] -- Found rclcpp: 2.4.0 (/opt/ros/foxy/share/rclcpp/cmake)
[1.149s] -- Using all available rosidl_typesupport_c: rosidl_typesupport_fastrtps_c;rosidl_typesupport_introspection_c
[1.163s] -- Found rosidl_adapter: 1.2.1 (/opt/ros/foxy/share/rosidl_adapter/cmake)
[1.663s] -- Using all available rosidl_typesupport_cpp: rosidl_typesupport_fastrtps_cpp;rosidl_typesupport_introspection_cpp
[1.861s] -- Found rmw_implementation_cmake: 1.0.3 (/opt/ros/foxy/share/rmw_implementation_cmake/cmake)
[1.867s] -- Using RMW implementation 'rmw_fastrtps_cpp' as default
[2.437s] -- Found sensor_msgs: 2.0.4 (/opt/ros/foxy/share/sensor_msgs/cmake)
[2.890s] -- Found ament_lint_auto: 0.9.6 (/opt/ros/foxy/share/ament_lint_auto/cmake)
[3.154s] -- Added test 'copyright' to check source files copyright and LICENSE
[3.165s] -- Added test 'cppcheck' to perform static code analysis on C / C++ code
[3.166s] -- Configured cppcheck include dirs: 
[3.166s] -- Configured cppcheck exclude dirs and/or files: 
[3.177s] -- Added test 'cpplint' to check C / C++ code against the Google style
[3.177s] -- Configured cpplint exclude dirs and/or files: 
[3.182s] -- Added test 'lint_cmake' to check CMake code style
[3.195s] -- Added test 'uncrustify' to check C / C++ code style
[3.195s] -- Configured uncrustify additional arguments: 
[3.198s] -- Added test 'xmllint' to check XML markup files
[3.219s] -- Configuring done
[3.250s] -- Generating done
[3.258s] -- Build files have been written to: /home/ubuntu/UnencumberedJellyfish/build/hardware_comm
[3.347s] [35m[1mScanning dependencies of target hardware_comm[0m
[3.394s] [ 25%] [32mBuilding CXX object CMakeFiles/hardware_comm.dir/src/hardware_comm.cpp.o[0m
[3.395s] [ 50%] [32mBuilding CXX object CMakeFiles/hardware_comm.dir/src/bno055/Jims_BNO055.cpp.o[0m
[3.396s] [ 75%] [32mBuilding CXX object CMakeFiles/hardware_comm.dir/src/bno055/Jims_I2CDevice.cpp.o[0m
[3.435s] [01m[K/home/ubuntu/UnencumberedJellyfish/Code/hardware_comm/src/hardware_comm.cpp:1:10:[m[K [01;31m[Kfatal error: [m[Khardware_common.hpp: No such file or directory
[3.436s]     1 | #include [01;31m[K"hardware_common.hpp"[m[K
[3.437s]       |          [01;31m[K^~~~~~~~~~~~~~~~~~~~~[m[K
[3.437s] compilation terminated.
[3.439s] [01m[K/home/ubuntu/UnencumberedJellyfish/Code/hardware_comm/src/bno055/Jims_I2CDevice.cpp:1:10:[m[K [01;31m[Kfatal error: [m[KJims_I2CDevice.h: No such file or directory
[3.440s]     1 | #include [01;31m[K"Jims_I2CDevice.h"[m[K
[3.440s]       |          [01;31m[K^~~~~~~~~~~~~~~~~~[m[K
[3.441s] compilation terminated.
[3.441s] make[2]: *** [CMakeFiles/hardware_comm.dir/build.make:63: CMakeFiles/hardware_comm.dir/src/hardware_comm.cpp.o] Error 1
[3.441s] make[2]: *** Waiting for unfinished jobs....
[3.442s] make[2]: *** [CMakeFiles/hardware_comm.dir/build.make:89: CMakeFiles/hardware_comm.dir/src/bno055/Jims_I2CDevice.cpp.o] Error 1
[3.549s] [01m[K/home/ubuntu/UnencumberedJellyfish/Code/hardware_comm/src/bno055/Jims_BNO055.cpp:32:10:[m[K [01;31m[Kfatal error: [m[KJims_BNO055.h: No such file or directory
[3.549s]    32 | #include [01;31m[K"Jims_BNO055.h"[m[K
[3.550s]       |          [01;31m[K^~~~~~~~~~~~~~~[m[K
[3.550s] compilation terminated.
[3.553s] make[2]: *** [CMakeFiles/hardware_comm.dir/build.make:76: CMakeFiles/hardware_comm.dir/src/bno055/Jims_BNO055.cpp.o] Error 1
[3.554s] make[1]: *** [CMakeFiles/Makefile2:78: CMakeFiles/hardware_comm.dir/all] Error 2
[3.554s] make: *** [Makefile:141: all] Error 2
[3.560s] Invoked command in '/home/ubuntu/UnencumberedJellyfish/build/hardware_comm' returned '2': CMAKE_PREFIX_PATH=/opt/ros/foxy /usr/bin/cmake --build /home/ubuntu/UnencumberedJellyfish/build/hardware_comm -- -j4 -l4
