[0.067s] Invoking command in '/home/ubuntu/UnencumberedJellyfish/build/drive_base': CMAKE_PREFIX_PATH=/opt/ros/foxy /usr/bin/cmake --build /home/ubuntu/UnencumberedJellyfish/build/drive_base -- -j4 -l4
[0.229s] Invoked command in '/home/ubuntu/UnencumberedJellyfish/build/drive_base' returned '0': CMAKE_PREFIX_PATH=/opt/ros/foxy /usr/bin/cmake --build /home/ubuntu/UnencumberedJellyfish/build/drive_base -- -j4 -l4
[0.358s] Invoking command in '/home/ubuntu/UnencumberedJellyfish/build/drive_base': CMAKE_PREFIX_PATH=/opt/ros/foxy /usr/bin/cmake --install /home/ubuntu/UnencumberedJellyfish/build/drive_base
[0.391s] -- Install configuration: ""
[0.392s] -- Up-to-date: /home/ubuntu/UnencumberedJellyfish/install/drive_base/share/ament_index/resource_index/package_run_dependencies/drive_base
[0.392s] -- Up-to-date: /home/ubuntu/UnencumberedJellyfish/install/drive_base/share/ament_index/resource_index/parent_prefix_path/drive_base
[0.393s] -- Up-to-date: /home/ubuntu/UnencumberedJellyfish/install/drive_base/share/drive_base/environment/ament_prefix_path.sh
[0.393s] -- Up-to-date: /home/ubuntu/UnencumberedJellyfish/install/drive_base/share/drive_base/environment/ament_prefix_path.dsv
[0.394s] -- Up-to-date: /home/ubuntu/UnencumberedJellyfish/install/drive_base/share/drive_base/environment/path.sh
[0.394s] -- Up-to-date: /home/ubuntu/UnencumberedJellyfish/install/drive_base/share/drive_base/environment/path.dsv
[0.395s] -- Up-to-date: /home/ubuntu/UnencumberedJellyfish/install/drive_base/share/drive_base/local_setup.bash
[0.395s] -- Up-to-date: /home/ubuntu/UnencumberedJellyfish/install/drive_base/share/drive_base/local_setup.sh
[0.396s] -- Up-to-date: /home/ubuntu/UnencumberedJellyfish/install/drive_base/share/drive_base/local_setup.zsh
[0.396s] -- Up-to-date: /home/ubuntu/UnencumberedJellyfish/install/drive_base/share/drive_base/local_setup.dsv
[0.397s] -- Installing: /home/ubuntu/UnencumberedJellyfish/install/drive_base/share/drive_base/package.dsv
[0.397s] -- Up-to-date: /home/ubuntu/UnencumberedJellyfish/install/drive_base/share/ament_index/resource_index/packages/drive_base
[0.398s] -- Up-to-date: /home/ubuntu/UnencumberedJellyfish/install/drive_base/share/drive_base/cmake/drive_baseConfig.cmake
[0.398s] -- Up-to-date: /home/ubuntu/UnencumberedJellyfish/install/drive_base/share/drive_base/cmake/drive_baseConfig-version.cmake
[0.399s] -- Up-to-date: /home/ubuntu/UnencumberedJellyfish/install/drive_base/share/drive_base/package.xml
[0.405s] Invoked command in '/home/ubuntu/UnencumberedJellyfish/build/drive_base' returned '0': CMAKE_PREFIX_PATH=/opt/ros/foxy /usr/bin/cmake --install /home/ubuntu/UnencumberedJellyfish/build/drive_base
