[0.068s] Invoking command in '/home/ubuntu/UnencumberedJellyfish/build/hardware_comm': CMAKE_PREFIX_PATH=/opt/ros/foxy /usr/bin/cmake --build /home/ubuntu/UnencumberedJellyfish/build/hardware_comm -- -j4 -l4
[0.182s] -- Found ament_cmake: 0.9.9 (/opt/ros/foxy/share/ament_cmake/cmake)
[0.292s] -- Using PYTHON_EXECUTABLE: /usr/bin/python3
[1.019s] -- Found rclcpp: 2.4.0 (/opt/ros/foxy/share/rclcpp/cmake)
[1.163s] -- Using all available rosidl_typesupport_c: rosidl_typesupport_fastrtps_c;rosidl_typesupport_introspection_c
[1.178s] -- Found rosidl_adapter: 1.2.1 (/opt/ros/foxy/share/rosidl_adapter/cmake)
[1.680s] -- Using all available rosidl_typesupport_cpp: rosidl_typesupport_fastrtps_cpp;rosidl_typesupport_introspection_cpp
[1.879s] -- Found rmw_implementation_cmake: 1.0.3 (/opt/ros/foxy/share/rmw_implementation_cmake/cmake)
[1.885s] -- Using RMW implementation 'rmw_fastrtps_cpp' as default
[2.460s] -- Found sensor_msgs: 2.0.4 (/opt/ros/foxy/share/sensor_msgs/cmake)
[2.916s] -- Found ament_lint_auto: 0.9.6 (/opt/ros/foxy/share/ament_lint_auto/cmake)
[3.181s] -- Added test 'copyright' to check source files copyright and LICENSE
[3.192s] -- Added test 'cppcheck' to perform static code analysis on C / C++ code
[3.194s] -- Configured cppcheck include dirs: /home/ubuntu/UnencumberedJellyfish/Code/hardware_comm/include;/home/ubuntu/UnencumberedJellyfish/Code/hardware_comm/include/bno005
[3.194s] -- Configured cppcheck exclude dirs and/or files: 
[3.204s] -- Added test 'cpplint' to check C / C++ code against the Google style
[3.205s] -- Configured cpplint exclude dirs and/or files: 
[3.209s] -- Added test 'lint_cmake' to check CMake code style
[3.221s] -- Added test 'uncrustify' to check C / C++ code style
[3.222s] -- Configured uncrustify additional arguments: 
[3.224s] -- Added test 'xmllint' to check XML markup files
[3.245s] -- Configuring done
[3.277s] -- Generating done
[3.284s] -- Build files have been written to: /home/ubuntu/UnencumberedJellyfish/build/hardware_comm
[3.367s] [35m[1mScanning dependencies of target hardware_comm[0m
[3.412s] [ 50%] [32mBuilding CXX object CMakeFiles/hardware_comm.dir/src/bno055/Jims_BNO055.cpp.o[0m
[3.413s] [ 50%] [32mBuilding CXX object CMakeFiles/hardware_comm.dir/src/hardware_comm.cpp.o[0m
[3.414s] [ 75%] [32mBuilding CXX object CMakeFiles/hardware_comm.dir/src/bno055/Jims_I2CDevice.cpp.o[0m
[3.454s] [01m[K/home/ubuntu/UnencumberedJellyfish/Code/hardware_comm/src/hardware_comm.cpp:1:10:[m[K [01;31m[Kfatal error: [m[Khardware_common.hpp: No such file or directory
[3.455s]     1 | #include [01;31m[K"hardware_common.hpp"[m[K
[3.456s]       |          [01;31m[K^~~~~~~~~~~~~~~~~~~~~[m[K
[3.456s] compilation terminated.
[3.458s] make[2]: *** [CMakeFiles/hardware_comm.dir/build.make:63: CMakeFiles/hardware_comm.dir/src/hardware_comm.cpp.o] Error 1
[3.459s] make[2]: *** Waiting for unfinished jobs....
[3.839s] In file included from [01m[K/home/ubuntu/UnencumberedJellyfish/Code/hardware_comm/src/bno055/Jims_BNO055.cpp:32[m[K:
[3.840s] [01m[K/home/ubuntu/UnencumberedJellyfish/Code/hardware_comm/include/bno005/Jims_BNO055.h:27:10:[m[K [01;31m[Kfatal error: [m[KAdafruit_Sensor.h: No such file or directory
[3.841s]    27 | #include [01;31m[K"Adafruit_Sensor.h"[m[K
[3.841s]       |          [01;31m[K^~~~~~~~~~~~~~~~~~~[m[K
[3.842s] compilation terminated.
[3.844s] make[2]: *** [CMakeFiles/hardware_comm.dir/build.make:76: CMakeFiles/hardware_comm.dir/src/bno055/Jims_BNO055.cpp.o] Error 1
[4.902s] [01m[K/home/ubuntu/UnencumberedJellyfish/Code/hardware_comm/src/bno055/Jims_I2CDevice.cpp:[m[K In member function ‘[01m[Kbool Jims_I2CDevice::writeBuffer(const uint8_t*, uint16_t, bool, const uint8_t*, uint16_t)[m[K’:
[4.902s] [01m[K/home/ubuntu/UnencumberedJellyfish/Code/hardware_comm/src/bno055/Jims_I2CDevice.cpp:69:76:[m[K [01;35m[Kwarning: [m[Kunused parameter ‘[01m[Kstop[m[K’ [[01;35m[K-Wunused-parameter[m[K]
[4.903s]    69 | bool Jims_I2CDevice::writeBuffer(const uint8_t *buffer, uint16_t len, [01;35m[Kbool stop[m[K,
[4.904s]       |                                                                       [01;35m[K~~~~~^~~~[m[K
[4.904s] [01m[K/home/ubuntu/UnencumberedJellyfish/Code/hardware_comm/src/bno055/Jims_I2CDevice.cpp:[m[K In member function ‘[01m[Kbool Jims_I2CDevice::_read(uint8_t*, uint16_t, bool)[m[K’:
[4.905s] [01m[K/home/ubuntu/UnencumberedJellyfish/Code/hardware_comm/src/bno055/Jims_I2CDevice.cpp:144:64:[m[K [01;35m[Kwarning: [m[Kunused parameter ‘[01m[Kstop[m[K’ [[01;35m[K-Wunused-parameter[m[K]
[4.905s]   144 | bool Jims_I2CDevice::_read(uint8_t *buffer, uint16_t len, [01;35m[Kbool stop[m[K) {
[4.905s]       |                                                           [01;35m[K~~~~~^~~~[m[K
[5.107s] make[1]: *** [CMakeFiles/Makefile2:78: CMakeFiles/hardware_comm.dir/all] Error 2
[5.108s] make: *** [Makefile:141: all] Error 2
[5.114s] Invoked command in '/home/ubuntu/UnencumberedJellyfish/build/hardware_comm' returned '2': CMAKE_PREFIX_PATH=/opt/ros/foxy /usr/bin/cmake --build /home/ubuntu/UnencumberedJellyfish/build/hardware_comm -- -j4 -l4
