[0.077s] Invoking command in '/home/ubuntu/UnencumberedJellyfish/build/drive_base': CMAKE_PREFIX_PATH=/opt/ros/foxy /usr/bin/cmake /home/ubuntu/UnencumberedJellyfish/Code/drive_base -DCMAKE_INSTALL_PREFIX=/home/ubuntu/UnencumberedJellyfish/install/drive_base
[1.270s] -- The C compiler identification is GNU 9.3.0
[2.081s] -- The CXX compiler identification is GNU 9.3.0
[2.118s] -- Check for working C compiler: /usr/bin/cc
[2.453s] -- Check for working C compiler: /usr/bin/cc -- works
[2.461s] -- Detecting C compiler ABI info
[2.776s] -- Detecting C compiler ABI info - done
[2.815s] -- Detecting C compile features
[2.818s] -- Detecting C compile features - done
[2.832s] -- Check for working CXX compiler: /usr/bin/c++
[3.227s] -- Check for working CXX compiler: /usr/bin/c++ -- works
[3.231s] -- Detecting CXX compiler ABI info
[3.584s] -- Detecting CXX compiler ABI info - done
[3.626s] -- Detecting CXX compile features
[3.628s] -- Detecting CXX compile features - done
[3.668s] -- Found ament_cmake: 0.9.9 (/opt/ros/foxy/share/ament_cmake/cmake)
[3.819s] -- Found PythonInterp: /usr/bin/python3 (found suitable version "3.8.10", minimum required is "3") 
[3.820s] -- Using PYTHON_EXECUTABLE: /usr/bin/python3
[4.840s] -- Found ament_lint_auto: 0.9.6 (/opt/ros/foxy/share/ament_lint_auto/cmake)
[5.255s] -- Added test 'copyright' to check source files copyright and LICENSE
[5.263s] -- Added test 'cppcheck' to perform static code analysis on C / C++ code
[5.263s] -- Configured cppcheck include dirs: 
[5.264s] -- Configured cppcheck exclude dirs and/or files: 
[5.270s] -- Added test 'cpplint' to check C / C++ code against the Google style
[5.271s] -- Configured cpplint exclude dirs and/or files: 
[5.276s] -- Added test 'lint_cmake' to check CMake code style
[5.285s] -- Added test 'uncrustify' to check C / C++ code style
[5.285s] -- Configured uncrustify additional arguments: 
[5.288s] -- Added test 'xmllint' to check XML markup files
[5.304s] -- Configuring done
[5.314s] -- Generating done
[5.318s] -- Build files have been written to: /home/ubuntu/UnencumberedJellyfish/build/drive_base
