[35m[1mScanning dependencies of target hardware_comm[0m
make[2]: *** No rule to make target '/home/ubuntu/UnencumberedJellyfish/Code/hardware_comm/src/bno055/Adafruit_Sensor.cpp', needed by 'CMakeFiles/hardware_comm.dir/src/bno055/Adafruit_Sensor.cpp.o'.  Stop.
make[2]: *** Waiting for unfinished jobs....
[ 40%] [32mBuilding CXX object CMakeFiles/hardware_comm.dir/src/hardware_comm.cpp.o[0m
[ 40%] [32mBuilding CXX object CMakeFiles/hardware_comm.dir/src/bno055/Jims_BNO055.cpp.o[0m
In file included from [01m[K/home/ubuntu/UnencumberedJellyfish/Code/hardware_comm/include/bno005/utility/imumaths.h:27[m[K,
                 from [01m[K/home/ubuntu/UnencumberedJellyfish/Code/hardware_comm/include/bno005/Jims_BNO055.h:25[m[K,
                 from [01m[K/home/ubuntu/UnencumberedJellyfish/Code/hardware_comm/src/bno055/Jims_BNO055.cpp:32[m[K:
[01m[K/home/ubuntu/UnencumberedJellyfish/Code/hardware_comm/include/bno005/utility/matrix.h:183:2:[m[K [01;35m[Kwarning: [m[Kextra ‘[01m[K;[m[K’ [[01;35m[K-Wpedantic[m[K]
  183 | }[01;35m[K;[m[K // namespace imu
      |  [01;35m[K^[m[K
In file included from [01m[K/home/ubuntu/UnencumberedJellyfish/Code/hardware_comm/include/bno005/utility/imumaths.h:27[m[K,
                 from [01m[K/home/ubuntu/UnencumberedJellyfish/Code/hardware_comm/include/bno005/Jims_BNO055.h:25[m[K,
                 from [01m[K/home/ubuntu/UnencumberedJellyfish/Code/hardware_comm/include/hardware_comm.hpp:11[m[K,
                 from [01m[K/home/ubuntu/UnencumberedJellyfish/Code/hardware_comm/src/hardware_comm.cpp:1[m[K:
[01m[K/home/ubuntu/UnencumberedJellyfish/Code/hardware_comm/include/bno005/utility/matrix.h:183:2:[m[K [01;35m[Kwarning: [m[Kextra ‘[01m[K;[m[K’ [[01;35m[K-Wpedantic[m[K]
  183 | }[01;35m[K;[m[K // namespace imu
      |  [01;35m[K^[m[K
In file included from [01m[K/home/ubuntu/UnencumberedJellyfish/Code/hardware_comm/src/hardware_comm.cpp:1[m[K:
[01m[K/home/ubuntu/UnencumberedJellyfish/Code/hardware_comm/include/hardware_comm.hpp:22:20:[m[K [01;31m[Kerror: [m[KISO C++ forbids declaration of ‘[01m[KMinimalPublisher[m[K’ with no type [[01;31m[K-fpermissive[m[K]
   22 |   MinimalPublisher([01;31m[K)[m[K;
      |                    [01;31m[K^[m[K
[01m[K/home/ubuntu/UnencumberedJellyfish/Code/hardware_comm/src/hardware_comm.cpp:5:32:[m[K [01;31m[Kerror: [m[KISO C++ forbids declaration of ‘[01m[KMinimalPublisher[m[K’ with no type [[01;31m[K-fpermissive[m[K]
    5 | HardwareComm::MinimalPublisher([01;31m[K)[m[K
      |                                [01;31m[K^[m[K
[01m[K/home/ubuntu/UnencumberedJellyfish/Code/hardware_comm/src/hardware_comm.cpp:[m[K In member function ‘[01m[Kint HardwareComm::MinimalPublisher()[m[K’:
[01m[K/home/ubuntu/UnencumberedJellyfish/Code/hardware_comm/src/hardware_comm.cpp:6:5:[m[K [01;31m[Kerror: [m[Konly constructors take member initializers
    6 |   : [01;31m[KNode[m[K("hardware_comm"), count_(0)
      |     [01;31m[K^~~~[m[K
[01m[K/home/ubuntu/UnencumberedJellyfish/Code/hardware_comm/src/hardware_comm.cpp:6:28:[m[K [01;31m[Kerror: [m[Kclass ‘[01m[KHardwareComm[m[K’ does not have any field named ‘[01m[Kcount_[m[K’
    6 |   : Node("hardware_comm"), [01;31m[Kcount_[m[K(0)
      |                            [01;31m[K^~~~~~[m[K
[01m[K/home/ubuntu/UnencumberedJellyfish/Code/hardware_comm/src/hardware_comm.cpp:10:53:[m[K [01;31m[Kerror: [m[K‘[01m[KMinimalPublisher[m[K’ is not a class, namespace, or enumeration
   10 |   mTimer = this->create_wall_timer(20ms, std::bind(&[01;31m[KMinimalPublisher[m[K::timerCallback, this));
      |                                                     [01;31m[K^~~~~~~~~~~~~~~~[m[K
[01m[K/home/ubuntu/UnencumberedJellyfish/Code/hardware_comm/src/hardware_comm.cpp:13:7:[m[K [01;31m[Kerror: [m[K‘[01m[Kbno[m[K’ was not declared in this scope
   13 |   if(![01;31m[Kbno[m[K.begin())
      |       [01;31m[K^~~[m[K
[01m[K/home/ubuntu/UnencumberedJellyfish/Code/hardware_comm/src/hardware_comm.cpp:19:13:[m[K [01;31m[Kerror: [m[K‘[01m[Kmilliseconds[m[K’ was not declared in this scope; did you mean ‘[01m[Kstd::chrono::milliseconds[m[K’?
   19 |   sleep_for([01;31m[Kmilliseconds[m[K(1000));
      |             [01;31m[K^~~~~~~~~~~~[m[K
      |             [32m[Kstd::chrono::milliseconds[m[K
In file included from [01m[K/home/ubuntu/UnencumberedJellyfish/Code/hardware_comm/include/hardware_comm.hpp:5[m[K,
                 from [01m[K/home/ubuntu/UnencumberedJellyfish/Code/hardware_comm/src/hardware_comm.cpp:1[m[K:
[01m[K/usr/include/c++/9/chrono:611:59:[m[K [01;36m[Knote: [m[K‘[01m[Kstd::chrono::milliseconds[m[K’ declared here
  611 |     typedef duration<_GLIBCXX_CHRONO_INT64_T, milli>      [01;36m[Kmilliseconds[m[K;
      |                                                           [01;36m[K^~~~~~~~~~~~[m[K
[01m[K/home/ubuntu/UnencumberedJellyfish/Code/hardware_comm/src/hardware_comm.cpp:19:3:[m[K [01;31m[Kerror: [m[K‘[01m[Ksleep_for[m[K’ was not declared in this scope
   19 |   [01;31m[Ksleep_for[m[K(milliseconds(1000));
      |   [01;31m[K^~~~~~~~~[m[K
[01m[K/home/ubuntu/UnencumberedJellyfish/Code/hardware_comm/src/hardware_comm.cpp:19:3:[m[K [01;36m[Knote: [m[Ksuggested alternatives:
In file included from [01m[K/opt/ros/foxy/include/rclcpp/client.hpp:36[m[K,
                 from [01m[K/opt/ros/foxy/include/rclcpp/callback_group.hpp:23[m[K,
                 from [01m[K/opt/ros/foxy/include/rclcpp/any_executable.hpp:20[m[K,
                 from [01m[K/opt/ros/foxy/include/rclcpp/memory_strategy.hpp:24[m[K,
                 from [01m[K/opt/ros/foxy/include/rclcpp/memory_strategies.hpp:18[m[K,
                 from [01m[K/opt/ros/foxy/include/rclcpp/executor_options.hpp:20[m[K,
                 from [01m[K/opt/ros/foxy/include/rclcpp/executor.hpp:33[m[K,
                 from [01m[K/opt/ros/foxy/include/rclcpp/executors/multi_threaded_executor.hpp:26[m[K,
                 from [01m[K/opt/ros/foxy/include/rclcpp/executors.hpp:21[m[K,
                 from [01m[K/opt/ros/foxy/include/rclcpp/rclcpp.hpp:146[m[K,
                 from [01m[K/home/ubuntu/UnencumberedJellyfish/Code/hardware_comm/include/hardware_comm.hpp:9[m[K,
                 from [01m[K/home/ubuntu/UnencumberedJellyfish/Code/hardware_comm/src/hardware_comm.cpp:1[m[K:
[01m[K/opt/ros/foxy/include/rclcpp/utilities.hpp:215:1:[m[K [01;36m[Knote: [m[K  ‘[01m[Krclcpp::sleep_for[m[K’
  215 | [01;36m[Ksleep_for[m[K(
      | [01;36m[K^~~~~~~~~[m[K
In file included from [01m[K/usr/include/c++/9/future:39[m[K,
                 from [01m[K/opt/ros/foxy/include/rclcpp/executors.hpp:18[m[K,
                 from [01m[K/opt/ros/foxy/include/rclcpp/rclcpp.hpp:146[m[K,
                 from [01m[K/home/ubuntu/UnencumberedJellyfish/Code/hardware_comm/include/hardware_comm.hpp:9[m[K,
                 from [01m[K/home/ubuntu/UnencumberedJellyfish/Code/hardware_comm/src/hardware_comm.cpp:1[m[K:
[01m[K/usr/include/c++/9/thread:366:7:[m[K [01;36m[Knote: [m[K  ‘[01m[Kstd::this_thread::sleep_for[m[K’
  366 |       [01;36m[Ksleep_for[m[K(const chrono::duration<_Rep, _Period>& __rtime)
      |       [01;36m[K^~~~~~~~~[m[K
[01m[K/home/ubuntu/UnencumberedJellyfish/Code/hardware_comm/src/hardware_comm.cpp:22:17:[m[K [01;31m[Kerror: [m[K‘[01m[Kbno[m[K’ was not declared in this scope
   22 |   int8_t temp = [01;31m[Kbno[m[K.getTemp();
      |                 [01;31m[K^~~[m[K
[01m[K/home/ubuntu/UnencumberedJellyfish/Code/hardware_comm/src/hardware_comm.cpp:27:1:[m[K [01;35m[Kwarning: [m[Kno return statement in function returning non-void [[01;35m[K-Wreturn-type[m[K]
   27 | [01;35m[K}[m[K
      | [01;35m[K^[m[K
[01m[K/home/ubuntu/UnencumberedJellyfish/Code/hardware_comm/src/hardware_comm.cpp:[m[K In member function ‘[01m[Kvoid HardwareComm::timerCallback()[m[K’:
[01m[K/home/ubuntu/UnencumberedJellyfish/Code/hardware_comm/src/hardware_comm.cpp:33:18:[m[K [01;31m[Kerror: [m[K‘[01m[Kusing _header_type = struct std_msgs::msg::Header_<std::allocator<void> >[m[K’ {aka ‘[01m[Kstruct std_msgs::msg::Header_<std::allocator<void> >[m[K’} has no member named ‘[01m[Kseq[m[K’
   33 |   message.header.[01;31m[Kseq[m[K = mCount;
      |                  [01;31m[K^~~[m[K
[01m[K/home/ubuntu/UnencumberedJellyfish/Code/hardware_comm/src/hardware_comm.cpp:37:26:[m[K [01;31m[Kerror: [m[K‘[01m[Kbno[m[K’ was not declared in this scope
   37 |   imu::Quaternion quat = [01;31m[Kbno[m[K.getQuat();
      |                          [01;31m[K^~~[m[K
In file included from [01m[K/usr/include/aarch64-linux-gnu/c++/9/bits/c++allocator.h:33[m[K,
                 from [01m[K/usr/include/c++/9/bits/allocator.h:46[m[K,
                 from [01m[K/usr/include/c++/9/memory:63[m[K,
                 from [01m[K/home/ubuntu/UnencumberedJellyfish/Code/hardware_comm/include/hardware_comm.hpp:6[m[K,
                 from [01m[K/home/ubuntu/UnencumberedJellyfish/Code/hardware_comm/src/hardware_comm.cpp:1[m[K:
/usr/include/c++/9/ext/new_allocator.h: In instantiation of ‘[01m[Kvoid __gnu_cxx::new_allocator<_Tp>::construct(_Up*, _Args&& ...) [with _Up = HardwareComm; _Args = {}; _Tp = HardwareComm][m[K’:
[01m[K/usr/include/c++/9/bits/alloc_traits.h:482:2:[m[K   required from ‘[01m[Kstatic void std::allocator_traits<std::allocator<_Tp1> >::construct(std::allocator_traits<std::allocator<_Tp1> >::allocator_type&, _Up*, _Args&& ...) [with _Up = HardwareComm; _Args = {}; _Tp = HardwareComm; std::allocator_traits<std::allocator<_Tp1> >::allocator_type = std::allocator<HardwareComm>][m[K’
[01m[K/usr/include/c++/9/bits/shared_ptr_base.h:548:39:[m[K   required from ‘[01m[Kstd::_Sp_counted_ptr_inplace<_Tp, _Alloc, _Lp>::_Sp_counted_ptr_inplace(_Alloc, _Args&& ...) [with _Args = {}; _Tp = HardwareComm; _Alloc = std::allocator<HardwareComm>; __gnu_cxx::_Lock_policy _Lp = __gnu_cxx::_S_atomic][m[K’
[01m[K/usr/include/c++/9/bits/shared_ptr_base.h:679:16:[m[K   required from ‘[01m[Kstd::__shared_count<_Lp>::__shared_count(_Tp*&, std::_Sp_alloc_shared_tag<_Alloc>, _Args&& ...) [with _Tp = HardwareComm; _Alloc = std::allocator<HardwareComm>; _Args = {}; __gnu_cxx::_Lock_policy _Lp = __gnu_cxx::_S_atomic][m[K’
[01m[K/usr/include/c++/9/bits/shared_ptr_base.h:1344:71:[m[K   required from ‘[01m[Kstd::__shared_ptr<_Tp, _Lp>::__shared_ptr(std::_Sp_alloc_shared_tag<_Tp>, _Args&& ...) [with _Alloc = std::allocator<HardwareComm>; _Args = {}; _Tp = HardwareComm; __gnu_cxx::_Lock_policy _Lp = __gnu_cxx::_S_atomic][m[K’
[01m[K/usr/include/c++/9/bits/shared_ptr.h:359:59:[m[K   required from ‘[01m[Kstd::shared_ptr<_Tp>::shared_ptr(std::_Sp_alloc_shared_tag<_Tp>, _Args&& ...) [with _Alloc = std::allocator<HardwareComm>; _Args = {}; _Tp = HardwareComm][m[K’
[01m[K/usr/include/c++/9/bits/shared_ptr.h:701:14:[m[K   required from ‘[01m[Kstd::shared_ptr<_Tp> std::allocate_shared(const _Alloc&, _Args&& ...) [with _Tp = HardwareComm; _Alloc = std::allocator<HardwareComm>; _Args = {}][m[K’
[01m[K/usr/include/c++/9/bits/shared_ptr.h:717:39:[m[K   required from ‘[01m[Kstd::shared_ptr<_Tp> std::make_shared(_Args&& ...) [with _Tp = HardwareComm; _Args = {}][m[K’
[01m[K/home/ubuntu/UnencumberedJellyfish/Code/hardware_comm/src/hardware_comm.cpp:59:47:[m[K   required from here
[01m[K/usr/include/c++/9/ext/new_allocator.h:145:20:[m[K [01;31m[Kerror: [m[Kuse of deleted function ‘[01m[KHardwareComm::HardwareComm()[m[K’
  145 |  noexcept(noexcept([01;31m[K::new((void *)__p)[m[K
      |                    [01;31m[K^~~~~~~~~~~~~~~~~~[m[K
  146 | [01;31m[K       _Up(std::forward<_Args>(__args)...)[m[K))
      |        [01;31m[K~~~~~~~~~~~~~~~~~~~~~~~~~~~~~~~~~~~[m[K
In file included from [01m[K/home/ubuntu/UnencumberedJellyfish/Code/hardware_comm/src/hardware_comm.cpp:1[m[K:
[01m[K/home/ubuntu/UnencumberedJellyfish/Code/hardware_comm/include/hardware_comm.hpp:19:7:[m[K [01;36m[Knote: [m[K‘[01m[KHardwareComm::HardwareComm()[m[K’ is implicitly deleted because the default definition would be ill-formed:
   19 | class [01;36m[KHardwareComm[m[K : public rclcpp::Node
      |       [01;36m[K^~~~~~~~~~~~[m[K
[01m[K/home/ubuntu/UnencumberedJellyfish/Code/hardware_comm/include/hardware_comm.hpp:19:7:[m[K [01;31m[Kerror: [m[Kno matching function for call to ‘[01m[Krclcpp::Node::Node()[m[K’
In file included from [01m[K/opt/ros/foxy/include/rclcpp/executors/single_threaded_executor.hpp:28[m[K,
                 from [01m[K/opt/ros/foxy/include/rclcpp/executors.hpp:22[m[K,
                 from [01m[K/opt/ros/foxy/include/rclcpp/rclcpp.hpp:146[m[K,
                 from [01m[K/home/ubuntu/UnencumberedJellyfish/Code/hardware_comm/include/hardware_comm.hpp:9[m[K,
                 from [01m[K/home/ubuntu/UnencumberedJellyfish/Code/hardware_comm/src/hardware_comm.cpp:1[m[K:
[01m[K/opt/ros/foxy/include/rclcpp/node.hpp:1193:3:[m[K [01;36m[Knote: [m[Kcandidate: ‘[01m[Krclcpp::Node::Node(const rclcpp::Node&, const string&)[m[K’
 1193 |   [01;36m[KNode[m[K(
      |   [01;36m[K^~~~[m[K
[01m[K/opt/ros/foxy/include/rclcpp/node.hpp:1193:3:[m[K [01;36m[Knote: [m[K  candidate expects 2 arguments, 0 provided
[01m[K/opt/ros/foxy/include/rclcpp/node.hpp:98:12:[m[K [01;36m[Knote: [m[Kcandidate: ‘[01m[Krclcpp::Node::Node(const string&, const string&, const rclcpp::NodeOptions&)[m[K’
   98 |   explicit [01;36m[KNode[m[K(
      |            [01;36m[K^~~~[m[K
[01m[K/opt/ros/foxy/include/rclcpp/node.hpp:98:12:[m[K [01;36m[Knote: [m[K  candidate expects 3 arguments, 0 provided
[01m[K/opt/ros/foxy/include/rclcpp/node.hpp:86:12:[m[K [01;36m[Knote: [m[Kcandidate: ‘[01m[Krclcpp::Node::Node(const string&, const rclcpp::NodeOptions&)[m[K’
   86 |   explicit [01;36m[KNode[m[K(
      |            [01;36m[K^~~~[m[K
[01m[K/opt/ros/foxy/include/rclcpp/node.hpp:86:12:[m[K [01;36m[Knote: [m[K  candidate expects 2 arguments, 0 provided
make[2]: *** [CMakeFiles/hardware_comm.dir/build.make:63: CMakeFiles/hardware_comm.dir/src/hardware_comm.cpp.o] Error 1
make[1]: *** [CMakeFiles/Makefile2:78: CMakeFiles/hardware_comm.dir/all] Error 2
make: *** [Makefile:141: all] Error 2
