[0.068s] Invoking command in '/home/ubuntu/UnencumberedJellyfish/build/hardware_comm': CMAKE_PREFIX_PATH=/opt/ros/foxy /usr/bin/cmake --build /home/ubuntu/UnencumberedJellyfish/build/hardware_comm -- -j4 -l4
[0.183s] -- Found ament_cmake: 0.9.9 (/opt/ros/foxy/share/ament_cmake/cmake)
[0.293s] -- Using PYTHON_EXECUTABLE: /usr/bin/python3
[1.016s] -- Found rclcpp: 2.4.0 (/opt/ros/foxy/share/rclcpp/cmake)
[1.160s] -- Using all available rosidl_typesupport_c: rosidl_typesupport_fastrtps_c;rosidl_typesupport_introspection_c
[1.174s] -- Found rosidl_adapter: 1.2.1 (/opt/ros/foxy/share/rosidl_adapter/cmake)
[1.674s] -- Using all available rosidl_typesupport_cpp: rosidl_typesupport_fastrtps_cpp;rosidl_typesupport_introspection_cpp
[1.872s] -- Found rmw_implementation_cmake: 1.0.3 (/opt/ros/foxy/share/rmw_implementation_cmake/cmake)
[1.878s] -- Using RMW implementation 'rmw_fastrtps_cpp' as default
[2.447s] -- Found sensor_msgs: 2.0.4 (/opt/ros/foxy/share/sensor_msgs/cmake)
[2.900s] -- Found ament_lint_auto: 0.9.6 (/opt/ros/foxy/share/ament_lint_auto/cmake)
[3.165s] -- Added test 'copyright' to check source files copyright and LICENSE
[3.176s] -- Added test 'cppcheck' to perform static code analysis on C / C++ code
[3.178s] -- Configured cppcheck include dirs: /home/ubuntu/UnencumberedJellyfish/Code/hardware_comm/include;/home/ubuntu/UnencumberedJellyfish/Code/hardware_comm/include/bno005
[3.178s] -- Configured cppcheck exclude dirs and/or files: 
[3.188s] -- Added test 'cpplint' to check C / C++ code against the Google style
[3.189s] -- Configured cpplint exclude dirs and/or files: 
[3.193s] -- Added test 'lint_cmake' to check CMake code style
[3.205s] -- Added test 'uncrustify' to check C / C++ code style
[3.206s] -- Configured uncrustify additional arguments: 
[3.208s] -- Added test 'xmllint' to check XML markup files
[3.229s] -- Configuring done
[3.260s] -- Generating done
[3.267s] -- Build files have been written to: /home/ubuntu/UnencumberedJellyfish/build/hardware_comm
[3.434s] [ 50%] [32mBuilding CXX object CMakeFiles/hardware_comm.dir/src/bno055/Jims_BNO055.cpp.o[0m
[3.435s] [ 50%] [32mBuilding CXX object CMakeFiles/hardware_comm.dir/src/hardware_comm.cpp.o[0m
[3.438s] [ 75%] [32mBuilding CXX object CMakeFiles/hardware_comm.dir/src/bno055/Jims_I2CDevice.cpp.o[0m
[5.325s] [01m[K/home/ubuntu/UnencumberedJellyfish/Code/hardware_comm/src/bno055/Jims_I2CDevice.cpp:[m[K In member function ‘[01m[Kbool Jims_I2CDevice::writeBuffer(const uint8_t*, uint16_t, bool, const uint8_t*, uint16_t)[m[K’:
[5.327s] [01m[K/home/ubuntu/UnencumberedJellyfish/Code/hardware_comm/src/bno055/Jims_I2CDevice.cpp:69:76:[m[K [01;35m[Kwarning: [m[Kunused parameter ‘[01m[Kstop[m[K’ [[01;35m[K-Wunused-parameter[m[K]
[5.328s]    69 | bool Jims_I2CDevice::writeBuffer(const uint8_t *buffer, uint16_t len, [01;35m[Kbool stop[m[K,
[5.329s]       |                                                                       [01;35m[K~~~~~^~~~[m[K
[5.330s] [01m[K/home/ubuntu/UnencumberedJellyfish/Code/hardware_comm/src/bno055/Jims_I2CDevice.cpp:[m[K In member function ‘[01m[Kbool Jims_I2CDevice::_read(uint8_t*, uint16_t, bool)[m[K’:
[5.330s] [01m[K/home/ubuntu/UnencumberedJellyfish/Code/hardware_comm/src/bno055/Jims_I2CDevice.cpp:144:64:[m[K [01;35m[Kwarning: [m[Kunused parameter ‘[01m[Kstop[m[K’ [[01;35m[K-Wunused-parameter[m[K]
[5.331s]   144 | bool Jims_I2CDevice::_read(uint8_t *buffer, uint16_t len, [01;35m[Kbool stop[m[K) {
[5.332s]       |                                                           [01;35m[K~~~~~^~~~[m[K
[16.407s] [100%] [32m[1mLinking CXX executable hardware_comm[0m
[17.084s] /usr/bin/ld: CMakeFiles/hardware_comm.dir/src/hardware_comm.cpp.o: in function `rclcpp::Publisher<sensor_msgs::msg::Imu_<std::allocator<void> >, std::allocator<void> >::Publisher(rclcpp::node_interfaces::NodeBaseInterface*, std::__cxx11::basic_string<char, std::char_traits<char>, std::allocator<char> > const&, rclcpp::QoS const&, rclcpp::PublisherOptionsWithAllocator<std::allocator<void> > const&)':
[17.085s] hardware_comm.cpp:(.text._ZN6rclcpp9PublisherIN11sensor_msgs3msg4Imu_ISaIvEEES4_EC2EPNS_15node_interfaces17NodeBaseInterfaceERKNSt7__cxx1112basic_stringIcSt11char_traitsIcESaIcEEERKNS_3QoSERKNS_29PublisherOptionsWithAllocatorIS4_EE[_ZN6rclcpp9PublisherIN11sensor_msgs3msg4Imu_ISaIvEEES4_EC5EPNS_15node_interfaces17NodeBaseInterfaceERKNSt7__cxx1112basic_stringIcSt11char_traitsIcESaIcEEERKNS_3QoSERKNS_29PublisherOptionsWithAllocatorIS4_EE]+0x3c): undefined reference to `rosidl_message_type_support_t const* rosidl_typesupport_cpp::get_message_type_support_handle<sensor_msgs::msg::Imu_<std::allocator<void> > >()'
[17.124s] collect2: error: ld returned 1 exit status
[17.129s] make[2]: *** [CMakeFiles/hardware_comm.dir/build.make:161: hardware_comm] Error 1
[17.129s] make[1]: *** [CMakeFiles/Makefile2:78: CMakeFiles/hardware_comm.dir/all] Error 2
[17.130s] make: *** [Makefile:141: all] Error 2
[17.136s] Invoked command in '/home/ubuntu/UnencumberedJellyfish/build/hardware_comm' returned '2': CMAKE_PREFIX_PATH=/opt/ros/foxy /usr/bin/cmake --build /home/ubuntu/UnencumberedJellyfish/build/hardware_comm -- -j4 -l4
