[01m[K/home/ubuntu/UnencumberedJellyfish/Code/hardware_comm/src/hardware_comm.cpp:1:10:[m[K [01;31m[Kfatal error: [m[Khardware_common.hpp: No such file or directory
    1 | #include [01;31m[K"hardware_common.hpp"[m[K
      |          [01;31m[K^~~~~~~~~~~~~~~~~~~~~[m[K
compilation terminated.
make[2]: *** [CMakeFiles/hardware_comm.dir/build.make:63: CMakeFiles/hardware_comm.dir/src/hardware_comm.cpp.o] Error 1
make[2]: *** Waiting for unfinished jobs....
In file included from [01m[K/home/ubuntu/UnencumberedJellyfish/Code/hardware_comm/src/bno055/Adafruit_Sensor.cpp:1[m[K:
[01m[K/home/ubuntu/UnencumberedJellyfish/Code/hardware_comm/include/bno005/Adafruit_Sensor.h:80:5:[m[K [01;35m[Kwarning: [m[KISO C++ prohibits anonymous structs [[01;35m[K-Wpedantic[m[K]
   80 |     [01;35m[K}[m[K;         ///< Struct for holding XYZ component
      |     [01;35m[K^[m[K
[01m[K/home/ubuntu/UnencumberedJellyfish/Code/hardware_comm/include/bno005/Adafruit_Sensor.h:92:5:[m[K [01;35m[Kwarning: [m[KISO C++ prohibits anonymous structs [[01;35m[K-Wpedantic[m[K]
   92 |     [01;35m[K}[m[K;               ///< Struct for holding roll/pitch/heading
      |     [01;35m[K^[m[K
[01m[K/home/ubuntu/UnencumberedJellyfish/Code/hardware_comm/include/bno005/Adafruit_Sensor.h:108:5:[m[K [01;35m[Kwarning: [m[KISO C++ prohibits anonymous structs [[01;35m[K-Wpedantic[m[K]
  108 |     [01;35m[K}[m[K;           ///< RGB data in floating point notation
      |     [01;35m[K^[m[K
[01m[K/home/ubuntu/UnencumberedJellyfish/Code/hardware_comm/src/bno055/Adafruit_Sensor.cpp:[m[K In member function ‘[01m[Kvoid Adafruit_Sensor::printSensorDetails()[m[K’:
[01m[K/home/ubuntu/UnencumberedJellyfish/Code/hardware_comm/src/bno055/Adafruit_Sensor.cpp:11:3:[m[K [01;31m[Kerror: [m[K‘[01m[KSerial[m[K’ was not declared in this scope
   11 |   [01;31m[KSerial[m[K.println(F("------------------------------------"));
      |   [01;31m[K^~~~~~[m[K
[01m[K/home/ubuntu/UnencumberedJellyfish/Code/hardware_comm/src/bno055/Adafruit_Sensor.cpp:11:18:[m[K [01;31m[Kerror: [m[K‘[01m[KF[m[K’ was not declared in this scope
   11 |   Serial.println([01;31m[KF[m[K("------------------------------------"));
      |                  [01;31m[K^[m[K
make[2]: *** [CMakeFiles/hardware_comm.dir/build.make:102: CMakeFiles/hardware_comm.dir/src/bno055/Adafruit_Sensor.cpp.o] Error 1
In file included from [01m[K/home/ubuntu/UnencumberedJellyfish/Code/hardware_comm/include/bno005/utility/imumaths.h:27[m[K,
                 from [01m[K/home/ubuntu/UnencumberedJellyfish/Code/hardware_comm/include/bno005/Jims_BNO055.h:25[m[K,
                 from [01m[K/home/ubuntu/UnencumberedJellyfish/Code/hardware_comm/src/bno055/Jims_BNO055.cpp:32[m[K:
[01m[K/home/ubuntu/UnencumberedJellyfish/Code/hardware_comm/include/bno005/utility/matrix.h:183:2:[m[K [01;35m[Kwarning: [m[Kextra ‘[01m[K;[m[K’ [[01;35m[K-Wpedantic[m[K]
  183 | }[01;35m[K;[m[K // namespace imu
      |  [01;35m[K^[m[K
In file included from [01m[K/home/ubuntu/UnencumberedJellyfish/Code/hardware_comm/include/bno005/Jims_BNO055.h:27[m[K,
                 from [01m[K/home/ubuntu/UnencumberedJellyfish/Code/hardware_comm/src/bno055/Jims_BNO055.cpp:32[m[K:
[01m[K/home/ubuntu/UnencumberedJellyfish/Code/hardware_comm/include/bno005/Adafruit_Sensor.h:80:5:[m[K [01;35m[Kwarning: [m[KISO C++ prohibits anonymous structs [[01;35m[K-Wpedantic[m[K]
   80 |     [01;35m[K}[m[K;         ///< Struct for holding XYZ component
      |     [01;35m[K^[m[K
[01m[K/home/ubuntu/UnencumberedJellyfish/Code/hardware_comm/include/bno005/Adafruit_Sensor.h:92:5:[m[K [01;35m[Kwarning: [m[KISO C++ prohibits anonymous structs [[01;35m[K-Wpedantic[m[K]
   92 |     [01;35m[K}[m[K;               ///< Struct for holding roll/pitch/heading
      |     [01;35m[K^[m[K
[01m[K/home/ubuntu/UnencumberedJellyfish/Code/hardware_comm/include/bno005/Adafruit_Sensor.h:108:5:[m[K [01;35m[Kwarning: [m[KISO C++ prohibits anonymous structs [[01;35m[K-Wpedantic[m[K]
  108 |     [01;35m[K}[m[K;           ///< RGB data in floating point notation
      |     [01;35m[K^[m[K
make[1]: *** [CMakeFiles/Makefile2:78: CMakeFiles/hardware_comm.dir/all] Error 2
make: *** [Makefile:141: all] Error 2
