-- Found ament_cmake: 0.9.9 (/opt/ros/foxy/share/ament_cmake/cmake)
-- Using PYTHON_EXECUTABLE: /usr/bin/python3
-- Found rclcpp: 2.4.0 (/opt/ros/foxy/share/rclcpp/cmake)
-- Using all available rosidl_typesupport_c: rosidl_typesupport_fastrtps_c;rosidl_typesupport_introspection_c
-- Found rosidl_adapter: 1.2.1 (/opt/ros/foxy/share/rosidl_adapter/cmake)
-- Using all available rosidl_typesupport_cpp: rosidl_typesupport_fastrtps_cpp;rosidl_typesupport_introspection_cpp
-- Found rmw_implementation_cmake: 1.0.3 (/opt/ros/foxy/share/rmw_implementation_cmake/cmake)
-- Using RMW implementation 'rmw_fastrtps_cpp' as default
-- Found sensor_msgs: 2.0.4 (/opt/ros/foxy/share/sensor_msgs/cmake)
-- Found ament_lint_auto: 0.9.6 (/opt/ros/foxy/share/ament_lint_auto/cmake)
-- Added test 'copyright' to check source files copyright and LICENSE
-- Added test 'cppcheck' to perform static code analysis on C / C++ code
-- Configured cppcheck include dirs: /home/ubuntu/UnencumberedJellyfish/Code/hardware_comm/include;/home/ubuntu/UnencumberedJellyfish/Code/hardware_comm/include/bno005
-- Configured cppcheck exclude dirs and/or files: 
-- Added test 'cpplint' to check C / C++ code against the Google style
-- Configured cpplint exclude dirs and/or files: 
-- Added test 'lint_cmake' to check CMake code style
-- Added test 'uncrustify' to check C / C++ code style
-- Configured uncrustify additional arguments: 
-- Added test 'xmllint' to check XML markup files
-- Configuring done
-- Generating done
-- Build files have been written to: /home/ubuntu/UnencumberedJellyfish/build/hardware_comm
[35m[1mScanning dependencies of target hardware_comm[0m
[ 20%] [32mBuilding CXX object CMakeFiles/hardware_comm.dir/src/hardware_comm.cpp.o[0m
[ 40%] [32mBuilding CXX object CMakeFiles/hardware_comm.dir/src/bno055/Jims_BNO055.cpp.o[0m
[ 60%] [32mBuilding CXX object CMakeFiles/hardware_comm.dir/src/bno055/Adafruit_Sensor.cpp.o[0m
[01m[K/home/ubuntu/UnencumberedJellyfish/Code/hardware_comm/src/hardware_comm.cpp:1:10:[m[K [01;31m[Kfatal error: [m[Khardware_common.hpp: No such file or directory
    1 | #include [01;31m[K"hardware_common.hpp"[m[K
      |          [01;31m[K^~~~~~~~~~~~~~~~~~~~~[m[K
compilation terminated.
make[2]: *** [CMakeFiles/hardware_comm.dir/build.make:63: CMakeFiles/hardware_comm.dir/src/hardware_comm.cpp.o] Error 1
make[2]: *** Waiting for unfinished jobs....
In file included from [01m[K/home/ubuntu/UnencumberedJellyfish/Code/hardware_comm/src/bno055/Adafruit_Sensor.cpp:1[m[K:
[01m[K/home/ubuntu/UnencumberedJellyfish/Code/hardware_comm/include/bno005/Adafruit_Sensor.h:80:5:[m[K [01;35m[Kwarning: [m[KISO C++ prohibits anonymous structs [[01;35m[K-Wpedantic[m[K]
   80 |     [01;35m[K}[m[K;         ///< Struct for holding XYZ component
      |     [01;35m[K^[m[K
[01m[K/home/ubuntu/UnencumberedJellyfish/Code/hardware_comm/include/bno005/Adafruit_Sensor.h:92:5:[m[K [01;35m[Kwarning: [m[KISO C++ prohibits anonymous structs [[01;35m[K-Wpedantic[m[K]
   92 |     [01;35m[K}[m[K;               ///< Struct for holding roll/pitch/heading
      |     [01;35m[K^[m[K
[01m[K/home/ubuntu/UnencumberedJellyfish/Code/hardware_comm/include/bno005/Adafruit_Sensor.h:108:5:[m[K [01;35m[Kwarning: [m[KISO C++ prohibits anonymous structs [[01;35m[K-Wpedantic[m[K]
  108 |     [01;35m[K}[m[K;           ///< RGB data in floating point notation
      |     [01;35m[K^[m[K
[01m[K/home/ubuntu/UnencumberedJellyfish/Code/hardware_comm/src/bno055/Adafruit_Sensor.cpp:[m[K In member function ‘[01m[Kvoid Adafruit_Sensor::printSensorDetails()[m[K’:
[01m[K/home/ubuntu/UnencumberedJellyfish/Code/hardware_comm/src/bno055/Adafruit_Sensor.cpp:11:3:[m[K [01;31m[Kerror: [m[K‘[01m[KSerial[m[K’ was not declared in this scope
   11 |   [01;31m[KSerial[m[K.println(F("------------------------------------"));
      |   [01;31m[K^~~~~~[m[K
[01m[K/home/ubuntu/UnencumberedJellyfish/Code/hardware_comm/src/bno055/Adafruit_Sensor.cpp:11:18:[m[K [01;31m[Kerror: [m[K‘[01m[KF[m[K’ was not declared in this scope
   11 |   Serial.println([01;31m[KF[m[K("------------------------------------"));
      |                  [01;31m[K^[m[K
make[2]: *** [CMakeFiles/hardware_comm.dir/build.make:102: CMakeFiles/hardware_comm.dir/src/bno055/Adafruit_Sensor.cpp.o] Error 1
In file included from [01m[K/home/ubuntu/UnencumberedJellyfish/Code/hardware_comm/include/bno005/utility/imumaths.h:27[m[K,
                 from [01m[K/home/ubuntu/UnencumberedJellyfish/Code/hardware_comm/include/bno005/Jims_BNO055.h:25[m[K,
                 from [01m[K/home/ubuntu/UnencumberedJellyfish/Code/hardware_comm/src/bno055/Jims_BNO055.cpp:32[m[K:
[01m[K/home/ubuntu/UnencumberedJellyfish/Code/hardware_comm/include/bno005/utility/matrix.h:183:2:[m[K [01;35m[Kwarning: [m[Kextra ‘[01m[K;[m[K’ [[01;35m[K-Wpedantic[m[K]
  183 | }[01;35m[K;[m[K // namespace imu
      |  [01;35m[K^[m[K
In file included from [01m[K/home/ubuntu/UnencumberedJellyfish/Code/hardware_comm/include/bno005/Jims_BNO055.h:27[m[K,
                 from [01m[K/home/ubuntu/UnencumberedJellyfish/Code/hardware_comm/src/bno055/Jims_BNO055.cpp:32[m[K:
[01m[K/home/ubuntu/UnencumberedJellyfish/Code/hardware_comm/include/bno005/Adafruit_Sensor.h:80:5:[m[K [01;35m[Kwarning: [m[KISO C++ prohibits anonymous structs [[01;35m[K-Wpedantic[m[K]
   80 |     [01;35m[K}[m[K;         ///< Struct for holding XYZ component
      |     [01;35m[K^[m[K
[01m[K/home/ubuntu/UnencumberedJellyfish/Code/hardware_comm/include/bno005/Adafruit_Sensor.h:92:5:[m[K [01;35m[Kwarning: [m[KISO C++ prohibits anonymous structs [[01;35m[K-Wpedantic[m[K]
   92 |     [01;35m[K}[m[K;               ///< Struct for holding roll/pitch/heading
      |     [01;35m[K^[m[K
[01m[K/home/ubuntu/UnencumberedJellyfish/Code/hardware_comm/include/bno005/Adafruit_Sensor.h:108:5:[m[K [01;35m[Kwarning: [m[KISO C++ prohibits anonymous structs [[01;35m[K-Wpedantic[m[K]
  108 |     [01;35m[K}[m[K;           ///< RGB data in floating point notation
      |     [01;35m[K^[m[K
make[1]: *** [CMakeFiles/Makefile2:78: CMakeFiles/hardware_comm.dir/all] Error 2
make: *** [Makefile:141: all] Error 2
