[0.068s] Invoking command in '/home/ubuntu/UnencumberedJellyfish/build/hardware_comm': CMAKE_PREFIX_PATH=/opt/ros/foxy /usr/bin/cmake --build /home/ubuntu/UnencumberedJellyfish/build/hardware_comm -- -j4 -l4
[0.174s] CMake Error at CMakeLists.txt:23 (set_property):
[0.175s]   set_property could not find TARGET hardware_comm.  Perhaps it has not yet
[0.176s]   been created.
[0.176s] 
[0.177s] 
[0.178s] -- Found ament_cmake: 0.9.9 (/opt/ros/foxy/share/ament_cmake/cmake)
[0.284s] -- Using PYTHON_EXECUTABLE: /usr/bin/python3
[1.014s] -- Found rclcpp: 2.4.0 (/opt/ros/foxy/share/rclcpp/cmake)
[1.153s] -- Using all available rosidl_typesupport_c: rosidl_typesupport_fastrtps_c;rosidl_typesupport_introspection_c
[1.167s] -- Found rosidl_adapter: 1.2.1 (/opt/ros/foxy/share/rosidl_adapter/cmake)
[1.647s] -- Using all available rosidl_typesupport_cpp: rosidl_typesupport_fastrtps_cpp;rosidl_typesupport_introspection_cpp
[1.842s] -- Found rmw_implementation_cmake: 1.0.3 (/opt/ros/foxy/share/rmw_implementation_cmake/cmake)
[1.848s] -- Using RMW implementation 'rmw_fastrtps_cpp' as default
[2.413s] -- Found sensor_msgs: 2.0.4 (/opt/ros/foxy/share/sensor_msgs/cmake)
[2.863s] -- Found ament_lint_auto: 0.9.6 (/opt/ros/foxy/share/ament_lint_auto/cmake)
[3.127s] -- Added test 'copyright' to check source files copyright and LICENSE
[3.138s] -- Added test 'cppcheck' to perform static code analysis on C / C++ code
[3.139s] -- Configured cppcheck include dirs: /home/ubuntu/UnencumberedJellyfish/Code/hardware_comm/include;/home/ubuntu/UnencumberedJellyfish/Code/hardware_comm/include/bno005
[3.140s] -- Configured cppcheck exclude dirs and/or files: 
[3.149s] -- Added test 'cpplint' to check C / C++ code against the Google style
[3.150s] -- Configured cpplint exclude dirs and/or files: 
[3.155s] -- Added test 'lint_cmake' to check CMake code style
[3.166s] -- Added test 'uncrustify' to check C / C++ code style
[3.166s] -- Configured uncrustify additional arguments: 
[3.168s] -- Added test 'xmllint' to check XML markup files
[3.188s] -- Configuring incomplete, errors occurred!
[3.189s] See also "/home/ubuntu/UnencumberedJellyfish/build/hardware_comm/CMakeFiles/CMakeOutput.log".
[3.189s] See also "/home/ubuntu/UnencumberedJellyfish/build/hardware_comm/CMakeFiles/CMakeError.log".
[3.202s] make: *** [Makefile:326: cmake_check_build_system] Error 1
[3.208s] Invoked command in '/home/ubuntu/UnencumberedJellyfish/build/hardware_comm' returned '2': CMAKE_PREFIX_PATH=/opt/ros/foxy /usr/bin/cmake --build /home/ubuntu/UnencumberedJellyfish/build/hardware_comm -- -j4 -l4
